Current device is  cuda
1 epochs have finished
Current training loss is  154.73726395168342
Validation loss for this epoch is 1.8697348095010966
Encoder is now saved to Path: Conv2D_encoder_best_Gadi.pth
Decoder is now saved to Path: Conv2D_decoder_best_Gadi.pth

2 epochs have finished
Current training loss is  7.119300486461725
Validation loss for this epoch is 0.3853347967960872
Encoder is now saved to Path: Conv2D_encoder_best_Gadi.pth
Decoder is now saved to Path: Conv2D_decoder_best_Gadi.pth

3 epochs have finished
Current training loss is  2.0850574148935266
Validation loss for this epoch is 0.18313336774008349
Encoder is now saved to Path: Conv2D_encoder_best_Gadi.pth
Decoder is now saved to Path: Conv2D_decoder_best_Gadi.pth

4 epochs have finished
Current training loss is  1.126167991067632
Validation loss for this epoch is 0.09469387569697574
Encoder is now saved to Path: Conv2D_encoder_best_Gadi.pth
Decoder is now saved to Path: Conv2D_decoder_best_Gadi.pth

5 epochs have finished
Current training loss is  0.4373456728826568
Validation loss for this epoch is 0.029275284137838753
Encoder is now saved to Path: Conv2D_encoder_best_Gadi.pth
Decoder is now saved to Path: Conv2D_decoder_best_Gadi.pth

6 epochs have finished
Current training loss is  0.17832248827289732
Validation loss for this epoch is 0.017628209745453205
Encoder is now saved to Path: Conv2D_encoder_best_Gadi.pth
Decoder is now saved to Path: Conv2D_decoder_best_Gadi.pth

7 epochs have finished
Current training loss is  0.12117162187314534
Validation loss for this epoch is 0.013183063172618859
Encoder is now saved to Path: Conv2D_encoder_best_Gadi.pth
Decoder is now saved to Path: Conv2D_decoder_best_Gadi.pth

8 epochs have finished
Current training loss is  0.09492978929392848
Validation loss for this epoch is 0.010796102747008263
Encoder is now saved to Path: Conv2D_encoder_best_Gadi.pth
Decoder is now saved to Path: Conv2D_decoder_best_Gadi.pth

9 epochs have finished
Current training loss is  0.07947058328500134
Validation loss for this epoch is 0.009254433054593392
Encoder is now saved to Path: Conv2D_encoder_best_Gadi.pth
Decoder is now saved to Path: Conv2D_decoder_best_Gadi.pth

10 epochs have finished
Current training loss is  0.06977131811936488
Validation loss for this epoch is 0.008275869945464365
Encoder is now saved to Path: Conv2D_encoder_best_Gadi.pth
Decoder is now saved to Path: Conv2D_decoder_best_Gadi.pth

11 epochs have finished
Current training loss is  0.06342678598730345
Validation loss for this epoch is 0.007669364194953232
Encoder is now saved to Path: Conv2D_encoder_best_Gadi.pth
Decoder is now saved to Path: Conv2D_decoder_best_Gadi.pth

12 epochs have finished
Current training loss is  0.0586942306867968
Validation loss for this epoch is 0.007086540807449637
Encoder is now saved to Path: Conv2D_encoder_best_Gadi.pth
Decoder is now saved to Path: Conv2D_decoder_best_Gadi.pth

13 epochs have finished
Current training loss is  0.05482552575358568
Validation loss for this epoch is 0.006623104407026403
Encoder is now saved to Path: Conv2D_encoder_best_Gadi.pth
Decoder is now saved to Path: Conv2D_decoder_best_Gadi.pth

14 epochs have finished
Current training loss is  0.05134647868135289
Validation loss for this epoch is 0.006219604850230098
Encoder is now saved to Path: Conv2D_encoder_best_Gadi.pth
Decoder is now saved to Path: Conv2D_decoder_best_Gadi.pth

15 epochs have finished
Current training loss is  0.048233257457468426
Validation loss for this epoch is 0.00584645268645545
Encoder is now saved to Path: Conv2D_encoder_best_Gadi.pth
Decoder is now saved to Path: Conv2D_decoder_best_Gadi.pth

16 epochs have finished
Current training loss is  0.045465645907370345
Validation loss for this epoch is 0.005537142635148484
Encoder is now saved to Path: Conv2D_encoder_best_Gadi.pth
Decoder is now saved to Path: Conv2D_decoder_best_Gadi.pth

17 epochs have finished
Current training loss is  0.04311138616367316
Validation loss for this epoch is 0.005261382571916329
Encoder is now saved to Path: Conv2D_encoder_best_Gadi.pth
Decoder is now saved to Path: Conv2D_decoder_best_Gadi.pth

18 epochs have finished
Current training loss is  0.041133662864467624
Validation loss for this epoch is 0.005027940954278165
Encoder is now saved to Path: Conv2D_encoder_best_Gadi.pth
Decoder is now saved to Path: Conv2D_decoder_best_Gadi.pth

19 epochs have finished
Current training loss is  0.03947969207706592
Validation loss for this epoch is 0.004857906573761284
Encoder is now saved to Path: Conv2D_encoder_best_Gadi.pth
Decoder is now saved to Path: Conv2D_decoder_best_Gadi.pth

20 epochs have finished
Current training loss is  0.03808291620043747
Validation loss for this epoch is 0.004699127769981715
Encoder is now saved to Path: Conv2D_encoder_best_Gadi.pth
Decoder is now saved to Path: Conv2D_decoder_best_Gadi.pth

21 epochs have finished
Current training loss is  0.03686274640404008
Validation loss for this epoch is 0.0045734032405562175
Encoder is now saved to Path: Conv2D_encoder_best_Gadi.pth
Decoder is now saved to Path: Conv2D_decoder_best_Gadi.pth

22 epochs have finished
Current training loss is  0.03577964369151232
Validation loss for this epoch is 0.004409196801134385
Encoder is now saved to Path: Conv2D_encoder_best_Gadi.pth
Decoder is now saved to Path: Conv2D_decoder_best_Gadi.pth

23 epochs have finished
Current training loss is  0.034773901123571704
Validation loss for this epoch is 0.004297842363939708
Encoder is now saved to Path: Conv2D_encoder_best_Gadi.pth
Decoder is now saved to Path: Conv2D_decoder_best_Gadi.pth

24 epochs have finished
Current training loss is  0.03384380334068737
Validation loss for this epoch is 0.004233642262079229
Encoder is now saved to Path: Conv2D_encoder_best_Gadi.pth
Decoder is now saved to Path: Conv2D_decoder_best_Gadi.pth

25 epochs have finished
Current training loss is  0.032955248768303136
Validation loss for this epoch is 0.004111189222612666
Encoder is now saved to Path: Conv2D_encoder_best_Gadi.pth
Decoder is now saved to Path: Conv2D_decoder_best_Gadi.pth

26 epochs have finished
Current training loss is  0.032110621077890755
Validation loss for this epoch is 0.004027113461006593
Encoder is now saved to Path: Conv2D_encoder_best_Gadi.pth
Decoder is now saved to Path: Conv2D_decoder_best_Gadi.pth

27 epochs have finished
Current training loss is  0.031276442328362464
Validation loss for this epoch is 0.0038808193942259095
Encoder is now saved to Path: Conv2D_encoder_best_Gadi.pth
Decoder is now saved to Path: Conv2D_decoder_best_Gadi.pth

28 epochs have finished
Current training loss is  0.030480993003493495
Validation loss for this epoch is 0.0037689284781663446
Encoder is now saved to Path: Conv2D_encoder_best_Gadi.pth
Decoder is now saved to Path: Conv2D_decoder_best_Gadi.pth

29 epochs have finished
Current training loss is  0.029681213557751107
Validation loss for this epoch is 0.003666753209699891
Encoder is now saved to Path: Conv2D_encoder_best_Gadi.pth
Decoder is now saved to Path: Conv2D_decoder_best_Gadi.pth

30 epochs have finished
Current training loss is  0.028904923771733593
Validation loss for this epoch is 0.0035753865063270496
Encoder is now saved to Path: Conv2D_encoder_best_Gadi.pth
Decoder is now saved to Path: Conv2D_decoder_best_Gadi.pth

31 epochs have finished
Current training loss is  0.028159125196907553
Validation loss for this epoch is 0.003478430116047093
Encoder is now saved to Path: Conv2D_encoder_best_Gadi.pth
Decoder is now saved to Path: Conv2D_decoder_best_Gadi.pth

32 epochs have finished
Current training loss is  0.027433473953806242
Validation loss for this epoch is 0.00338405724119184
Encoder is now saved to Path: Conv2D_encoder_best_Gadi.pth
Decoder is now saved to Path: Conv2D_decoder_best_Gadi.pth

33 epochs have finished
Current training loss is  0.026738491204241654
Validation loss for this epoch is 0.003301482757933627
Encoder is now saved to Path: Conv2D_encoder_best_Gadi.pth
Decoder is now saved to Path: Conv2D_decoder_best_Gadi.pth

34 epochs have finished
Current training loss is  0.026076908668073884
Validation loss for this epoch is 0.003218104791812948
Encoder is now saved to Path: Conv2D_encoder_best_Gadi.pth
Decoder is now saved to Path: Conv2D_decoder_best_Gadi.pth

35 epochs have finished
Current training loss is  0.025466613939897798
Validation loss for this epoch is 0.003146438203202706
Encoder is now saved to Path: Conv2D_encoder_best_Gadi.pth
Decoder is now saved to Path: Conv2D_decoder_best_Gadi.pth

36 epochs have finished
Current training loss is  0.0248929623139702
Validation loss for this epoch is 0.003108345234522858
Encoder is now saved to Path: Conv2D_encoder_best_Gadi.pth
Decoder is now saved to Path: Conv2D_decoder_best_Gadi.pth

37 epochs have finished
Current training loss is  0.024376394922001055
Validation loss for this epoch is 0.0030042801486160897
Encoder is now saved to Path: Conv2D_encoder_best_Gadi.pth
Decoder is now saved to Path: Conv2D_decoder_best_Gadi.pth

38 epochs have finished
Current training loss is  0.023891773215382273
Validation loss for this epoch is 0.0029583590353468026
Encoder is now saved to Path: Conv2D_encoder_best_Gadi.pth
Decoder is now saved to Path: Conv2D_decoder_best_Gadi.pth

39 epochs have finished
Current training loss is  0.02345696543466147
Validation loss for this epoch is 0.0029031891374415864
Encoder is now saved to Path: Conv2D_encoder_best_Gadi.pth
Decoder is now saved to Path: Conv2D_decoder_best_Gadi.pth

40 epochs have finished
Current training loss is  0.02305858479530798
Validation loss for this epoch is 0.0028486868895925
Encoder is now saved to Path: Conv2D_encoder_best_Gadi.pth
Decoder is now saved to Path: Conv2D_decoder_best_Gadi.pth

41 epochs have finished
Current training loss is  0.022687830347194904
Validation loss for this epoch is 0.0028022914449366
Encoder is now saved to Path: Conv2D_encoder_best_Gadi.pth
Decoder is now saved to Path: Conv2D_decoder_best_Gadi.pth

42 epochs have finished
Current training loss is  0.022357124909603954
Validation loss for this epoch is 0.0027690944236837822
Encoder is now saved to Path: Conv2D_encoder_best_Gadi.pth
Decoder is now saved to Path: Conv2D_decoder_best_Gadi.pth

43 epochs have finished
Current training loss is  0.02203958618838442
Validation loss for this epoch is 0.002739472288340039
Encoder is now saved to Path: Conv2D_encoder_best_Gadi.pth
Decoder is now saved to Path: Conv2D_decoder_best_Gadi.pth

44 epochs have finished
Current training loss is  0.02174620062737631
Validation loss for this epoch is 0.002701292623896734
Encoder is now saved to Path: Conv2D_encoder_best_Gadi.pth
Decoder is now saved to Path: Conv2D_decoder_best_Gadi.pth

45 epochs have finished
Current training loss is  0.021467185216351936
Validation loss for this epoch is 0.0026800455866577977
Encoder is now saved to Path: Conv2D_encoder_best_Gadi.pth
Decoder is now saved to Path: Conv2D_decoder_best_Gadi.pth

46 epochs have finished
Current training loss is  0.021206609530054266
Validation loss for this epoch is 0.002642427972432415
Encoder is now saved to Path: Conv2D_encoder_best_Gadi.pth
Decoder is now saved to Path: Conv2D_decoder_best_Gadi.pth

47 epochs have finished
Current training loss is  0.020958890986548795
Validation loss for this epoch is 0.002594907709180916
Encoder is now saved to Path: Conv2D_encoder_best_Gadi.pth
Decoder is now saved to Path: Conv2D_decoder_best_Gadi.pth

48 epochs have finished
Current training loss is  0.020732589774297594
Validation loss for this epoch is 0.0025677013277345395
Encoder is now saved to Path: Conv2D_encoder_best_Gadi.pth
Decoder is now saved to Path: Conv2D_decoder_best_Gadi.pth

49 epochs have finished
Current training loss is  0.020508816849314826
Validation loss for this epoch is 0.0025445065787153
Encoder is now saved to Path: Conv2D_encoder_best_Gadi.pth
Decoder is now saved to Path: Conv2D_decoder_best_Gadi.pth

50 epochs have finished
Current training loss is  0.020298669729982066
Validation loss for this epoch is 0.0025688676144000056

51 epochs have finished
Current training loss is  0.02010020776924648
Validation loss for this epoch is 0.0024849886328865978
Encoder is now saved to Path: Conv2D_encoder_best_Gadi.pth
Decoder is now saved to Path: Conv2D_decoder_best_Gadi.pth

52 epochs have finished
Current training loss is  0.01990656299699367
Validation loss for this epoch is 0.0024707740728899807
Encoder is now saved to Path: Conv2D_encoder_best_Gadi.pth
Decoder is now saved to Path: Conv2D_decoder_best_Gadi.pth

53 epochs have finished
Current training loss is  0.019725126593243658
Validation loss for this epoch is 0.0024763572275787737

54 epochs have finished
Current training loss is  0.019550052972249432
Validation loss for this epoch is 0.0025060161997316754

55 epochs have finished
Current training loss is  0.019382588029202452
Validation loss for this epoch is 0.002421777186327745
Encoder is now saved to Path: Conv2D_encoder_best_Gadi.pth
Decoder is now saved to Path: Conv2D_decoder_best_Gadi.pth

56 epochs have finished
Current training loss is  0.01922538588144107
Validation loss for this epoch is 0.0023796925545411796
Encoder is now saved to Path: Conv2D_encoder_best_Gadi.pth
Decoder is now saved to Path: Conv2D_decoder_best_Gadi.pth

57 epochs have finished
Current training loss is  0.0190811966323281
Validation loss for this epoch is 0.002365720062357468
Encoder is now saved to Path: Conv2D_encoder_best_Gadi.pth
Decoder is now saved to Path: Conv2D_decoder_best_Gadi.pth

58 epochs have finished
Current training loss is  0.018934659348360583
Validation loss for this epoch is 0.0023669998365676292

59 epochs have finished
Current training loss is  0.01879382940433061
Validation loss for this epoch is 0.0023317088262047037
Encoder is now saved to Path: Conv2D_encoder_best_Gadi.pth
Decoder is now saved to Path: Conv2D_decoder_best_Gadi.pth

60 epochs have finished
Current training loss is  0.018669008458573444
Validation loss for this epoch is 0.0023150854367486318
Encoder is now saved to Path: Conv2D_encoder_best_Gadi.pth
Decoder is now saved to Path: Conv2D_decoder_best_Gadi.pth

61 epochs have finished
Current training loss is  0.018539499029657236
Validation loss for this epoch is 0.0023056893173816206
Encoder is now saved to Path: Conv2D_encoder_best_Gadi.pth
Decoder is now saved to Path: Conv2D_decoder_best_Gadi.pth

62 epochs have finished
Current training loss is  0.018423420595581774
Validation loss for this epoch is 0.0022847911327517068
Encoder is now saved to Path: Conv2D_encoder_best_Gadi.pth
Decoder is now saved to Path: Conv2D_decoder_best_Gadi.pth

63 epochs have finished
Current training loss is  0.018301643462450556
Validation loss for this epoch is 0.002269675493721479
Encoder is now saved to Path: Conv2D_encoder_best_Gadi.pth
Decoder is now saved to Path: Conv2D_decoder_best_Gadi.pth

64 epochs have finished
Current training loss is  0.0181955282043873
Validation loss for this epoch is 0.002274707509968721

65 epochs have finished
Current training loss is  0.018082519156678245
Validation loss for this epoch is 0.00232779523184945

66 epochs have finished
Current training loss is  0.017986918356996284
Validation loss for this epoch is 0.002225820133162415
Encoder is now saved to Path: Conv2D_encoder_best_Gadi.pth
Decoder is now saved to Path: Conv2D_decoder_best_Gadi.pth

67 epochs have finished
Current training loss is  0.01788877842045622
Validation loss for this epoch is 0.002219726256157628
Encoder is now saved to Path: Conv2D_encoder_best_Gadi.pth
Decoder is now saved to Path: Conv2D_decoder_best_Gadi.pth

68 epochs have finished
Current training loss is  0.017792394709999826
Validation loss for this epoch is 0.002219199767068858
Encoder is now saved to Path: Conv2D_encoder_best_Gadi.pth
Decoder is now saved to Path: Conv2D_decoder_best_Gadi.pth

69 epochs have finished
Current training loss is  0.01769994697144739
Validation loss for this epoch is 0.0021934438012749524
Encoder is now saved to Path: Conv2D_encoder_best_Gadi.pth
Decoder is now saved to Path: Conv2D_decoder_best_Gadi.pth

70 epochs have finished
Current training loss is  0.017609310723742055
Validation loss for this epoch is 0.0021912277522915247
Encoder is now saved to Path: Conv2D_encoder_best_Gadi.pth
Decoder is now saved to Path: Conv2D_decoder_best_Gadi.pth

71 epochs have finished
Current training loss is  0.017529342999978326
Validation loss for this epoch is 0.0021748003731545396
Encoder is now saved to Path: Conv2D_encoder_best_Gadi.pth
Decoder is now saved to Path: Conv2D_decoder_best_Gadi.pth

72 epochs have finished
Current training loss is  0.017448520344487406
Validation loss for this epoch is 0.0021705481630078793
Encoder is now saved to Path: Conv2D_encoder_best_Gadi.pth
Decoder is now saved to Path: Conv2D_decoder_best_Gadi.pth

73 epochs have finished
Current training loss is  0.017362922360462107
Validation loss for this epoch is 0.0021558501055096713
Encoder is now saved to Path: Conv2D_encoder_best_Gadi.pth
Decoder is now saved to Path: Conv2D_decoder_best_Gadi.pth

74 epochs have finished
Current training loss is  0.01728809389851449
Validation loss for this epoch is 0.0021396718636879086
Encoder is now saved to Path: Conv2D_encoder_best_Gadi.pth
Decoder is now saved to Path: Conv2D_decoder_best_Gadi.pth

75 epochs have finished
Current training loss is  0.017211480957598724
Validation loss for this epoch is 0.002132981298359482
Encoder is now saved to Path: Conv2D_encoder_best_Gadi.pth
Decoder is now saved to Path: Conv2D_decoder_best_Gadi.pth

76 epochs have finished
Current training loss is  0.01713956008597961
Validation loss for this epoch is 0.0021521817229768203

77 epochs have finished
Current training loss is  0.017064083924196893
Validation loss for this epoch is 0.002119801441040181
Encoder is now saved to Path: Conv2D_encoder_best_Gadi.pth
Decoder is now saved to Path: Conv2D_decoder_best_Gadi.pth

78 epochs have finished
Current training loss is  0.017002472621584275
Validation loss for this epoch is 0.0021133463033038424
Encoder is now saved to Path: Conv2D_encoder_best_Gadi.pth
Decoder is now saved to Path: Conv2D_decoder_best_Gadi.pth

79 epochs have finished
Current training loss is  0.016931806126990523
Validation loss for this epoch is 0.0021027512303817275
Encoder is now saved to Path: Conv2D_encoder_best_Gadi.pth
Decoder is now saved to Path: Conv2D_decoder_best_Gadi.pth

80 epochs have finished
Current training loss is  0.016872721640993404
Validation loss for this epoch is 0.002101296304317657
Encoder is now saved to Path: Conv2D_encoder_best_Gadi.pth
Decoder is now saved to Path: Conv2D_decoder_best_Gadi.pth

81 epochs have finished
Current training loss is  0.016802177739577928
Validation loss for this epoch is 0.0020885888463908486
Encoder is now saved to Path: Conv2D_encoder_best_Gadi.pth
Decoder is now saved to Path: Conv2D_decoder_best_Gadi.pth

82 epochs have finished
Current training loss is  0.016743021253660118
Validation loss for this epoch is 0.002082269179936702
Encoder is now saved to Path: Conv2D_encoder_best_Gadi.pth
Decoder is now saved to Path: Conv2D_decoder_best_Gadi.pth

83 epochs have finished
Current training loss is  0.016683363318975353
Validation loss for this epoch is 0.0020692719791668424
Encoder is now saved to Path: Conv2D_encoder_best_Gadi.pth
Decoder is now saved to Path: Conv2D_decoder_best_Gadi.pth

84 epochs have finished
Current training loss is  0.016623104216250795
Validation loss for this epoch is 0.002064970966102919
Encoder is now saved to Path: Conv2D_encoder_best_Gadi.pth
Decoder is now saved to Path: Conv2D_decoder_best_Gadi.pth

85 epochs have finished
Current training loss is  0.016564772265269312
Validation loss for this epoch is 0.0021092188717375393

86 epochs have finished
Current training loss is  0.016509296531012296
Validation loss for this epoch is 0.002063485924509223
Encoder is now saved to Path: Conv2D_encoder_best_Gadi.pth
Decoder is now saved to Path: Conv2D_decoder_best_Gadi.pth

87 epochs have finished
Current training loss is  0.016444433767787814
Validation loss for this epoch is 0.0021008000762776646

88 epochs have finished
Current training loss is  0.016402444811660644
Validation loss for this epoch is 0.0020399749618036367
Encoder is now saved to Path: Conv2D_encoder_best_Gadi.pth
Decoder is now saved to Path: Conv2D_decoder_best_Gadi.pth

89 epochs have finished
Current training loss is  0.016346136895549535
Validation loss for this epoch is 0.002036476058719927
Encoder is now saved to Path: Conv2D_encoder_best_Gadi.pth
Decoder is now saved to Path: Conv2D_decoder_best_Gadi.pth

90 epochs have finished
Current training loss is  0.016291692839331517
Validation loss for this epoch is 0.002024091900352687
Encoder is now saved to Path: Conv2D_encoder_best_Gadi.pth
Decoder is now saved to Path: Conv2D_decoder_best_Gadi.pth

91 epochs have finished
Current training loss is  0.016239511811818375
Validation loss for this epoch is 0.00201569536613988
Encoder is now saved to Path: Conv2D_encoder_best_Gadi.pth
Decoder is now saved to Path: Conv2D_decoder_best_Gadi.pth

92 epochs have finished
Current training loss is  0.016192906467608736
Validation loss for this epoch is 0.002013274665728204
Encoder is now saved to Path: Conv2D_encoder_best_Gadi.pth
Decoder is now saved to Path: Conv2D_decoder_best_Gadi.pth

93 epochs have finished
Current training loss is  0.01614131860924317
Validation loss for this epoch is 0.0020052581552363336
Encoder is now saved to Path: Conv2D_encoder_best_Gadi.pth
Decoder is now saved to Path: Conv2D_decoder_best_Gadi.pth

94 epochs have finished
Current training loss is  0.016097606933385578
Validation loss for this epoch is 0.0020152281763330393

95 epochs have finished
Current training loss is  0.016047070621880266
Validation loss for this epoch is 0.001996456376105016
Encoder is now saved to Path: Conv2D_encoder_best_Gadi.pth
Decoder is now saved to Path: Conv2D_decoder_best_Gadi.pth

96 epochs have finished
Current training loss is  0.015997852859186423
Validation loss for this epoch is 0.0020040758740833553

97 epochs have finished
Current training loss is  0.015955885354969723
Validation loss for this epoch is 0.0019924705138691934
Encoder is now saved to Path: Conv2D_encoder_best_Gadi.pth
Decoder is now saved to Path: Conv2D_decoder_best_Gadi.pth

98 epochs have finished
Current training loss is  0.015908282519944805
Validation loss for this epoch is 0.00197620861354153
Encoder is now saved to Path: Conv2D_encoder_best_Gadi.pth
Decoder is now saved to Path: Conv2D_decoder_best_Gadi.pth

99 epochs have finished
Current training loss is  0.015863326864860028
Validation loss for this epoch is 0.0020127355850263484

100 epochs have finished
Current training loss is  0.0158191820535194
Validation loss for this epoch is 0.001959920835702178
Encoder is now saved to Path: Conv2D_encoder_best_Gadi.pth
Decoder is now saved to Path: Conv2D_decoder_best_Gadi.pth

101 epochs have finished
Current training loss is  0.01577696844140064
Validation loss for this epoch is 0.0019566238858033103
Encoder is now saved to Path: Conv2D_encoder_best_Gadi.pth
Decoder is now saved to Path: Conv2D_decoder_best_Gadi.pth

102 epochs have finished
Current training loss is  0.01573807196098187
Validation loss for this epoch is 0.0019560614803140197
Encoder is now saved to Path: Conv2D_encoder_best_Gadi.pth
Decoder is now saved to Path: Conv2D_decoder_best_Gadi.pth

103 epochs have finished
Current training loss is  0.015689428516111548
Validation loss for this epoch is 0.0019518930691901915
Encoder is now saved to Path: Conv2D_encoder_best_Gadi.pth
Decoder is now saved to Path: Conv2D_decoder_best_Gadi.pth

104 epochs have finished
Current training loss is  0.01564873283871293
Validation loss for this epoch is 0.0019499662961379727
Encoder is now saved to Path: Conv2D_encoder_best_Gadi.pth
Decoder is now saved to Path: Conv2D_decoder_best_Gadi.pth

105 epochs have finished
Current training loss is  0.01561038011175242
Validation loss for this epoch is 0.0019456386385172664
Encoder is now saved to Path: Conv2D_encoder_best_Gadi.pth
Decoder is now saved to Path: Conv2D_decoder_best_Gadi.pth

106 epochs have finished
Current training loss is  0.015564075785277964
Validation loss for this epoch is 0.0019331683777181752
Encoder is now saved to Path: Conv2D_encoder_best_Gadi.pth
Decoder is now saved to Path: Conv2D_decoder_best_Gadi.pth

107 epochs have finished
Current training loss is  0.015530550237031093
Validation loss for this epoch is 0.0019395901673533444

108 epochs have finished
Current training loss is  0.015488925860950076
Validation loss for this epoch is 0.0019189791294138558
Encoder is now saved to Path: Conv2D_encoder_best_Gadi.pth
Decoder is now saved to Path: Conv2D_decoder_best_Gadi.pth

109 epochs have finished
Current training loss is  0.01544920933827143
Validation loss for this epoch is 0.001954111699205896

110 epochs have finished
Current training loss is  0.015405742989514692
Validation loss for this epoch is 0.0019174803910573246
Encoder is now saved to Path: Conv2D_encoder_best_Gadi.pth
Decoder is now saved to Path: Conv2D_decoder_best_Gadi.pth

111 epochs have finished
Current training loss is  0.015368264684525457
Validation loss for this epoch is 0.0019092843532462211
Encoder is now saved to Path: Conv2D_encoder_best_Gadi.pth
Decoder is now saved to Path: Conv2D_decoder_best_Gadi.pth

112 epochs have finished
Current training loss is  0.01533476482950391
Validation loss for this epoch is 0.0019269355103688213

113 epochs have finished
Current training loss is  0.015295791055109476
Validation loss for this epoch is 0.001902477108842504
Encoder is now saved to Path: Conv2D_encoder_best_Gadi.pth
Decoder is now saved to Path: Conv2D_decoder_best_Gadi.pth

114 epochs have finished
Current training loss is  0.01525968670716793
Validation loss for this epoch is 0.0019275308699207017

115 epochs have finished
Current training loss is  0.015219001735658821
Validation loss for this epoch is 0.0018910060758798863
Encoder is now saved to Path: Conv2D_encoder_best_Gadi.pth
Decoder is now saved to Path: Conv2D_decoder_best_Gadi.pth

116 epochs have finished
Current training loss is  0.015186003435132989
Validation loss for this epoch is 0.0018976171969598

117 epochs have finished
Current training loss is  0.015149290251429193
Validation loss for this epoch is 0.0019391533234056624

118 epochs have finished
Current training loss is  0.01511506470637869
Validation loss for this epoch is 0.0018726808262954364
Encoder is now saved to Path: Conv2D_encoder_best_Gadi.pth
Decoder is now saved to Path: Conv2D_decoder_best_Gadi.pth

119 epochs have finished
Current training loss is  0.015077042055281709
Validation loss for this epoch is 0.0018755362516458263

120 epochs have finished
Current training loss is  0.015045535981698777
Validation loss for this epoch is 0.0018665496737639842
Encoder is now saved to Path: Conv2D_encoder_best_Gadi.pth
Decoder is now saved to Path: Conv2D_decoder_best_Gadi.pth

121 epochs have finished
Current training loss is  0.015008837420509735
Validation loss for this epoch is 0.001876487683830419

122 epochs have finished
Current training loss is  0.014976107345887613
Validation loss for this epoch is 0.0018653816870255469
Encoder is now saved to Path: Conv2D_encoder_best_Gadi.pth
Decoder is now saved to Path: Conv2D_decoder_best_Gadi.pth

123 epochs have finished
Current training loss is  0.014939500140485507
Validation loss for this epoch is 0.0018535846136273904
Encoder is now saved to Path: Conv2D_encoder_best_Gadi.pth
Decoder is now saved to Path: Conv2D_decoder_best_Gadi.pth

124 epochs have finished
Current training loss is  0.014911904110363139
Validation loss for this epoch is 0.0018474635975280762
Encoder is now saved to Path: Conv2D_encoder_best_Gadi.pth
Decoder is now saved to Path: Conv2D_decoder_best_Gadi.pth

125 epochs have finished
Current training loss is  0.01487225486243915
Validation loss for this epoch is 0.0019019970709450718

126 epochs have finished
Current training loss is  0.014840873892353557
Validation loss for this epoch is 0.0019594290833993

127 epochs have finished
Current training loss is  0.014807311877802931
Validation loss for this epoch is 0.0019038152112216267

128 epochs have finished
Current training loss is  0.014777697415638613
Validation loss for this epoch is 0.0019036634593021518

129 epochs have finished
Current training loss is  0.014744615999575217
Validation loss for this epoch is 0.001828458081035933
Encoder is now saved to Path: Conv2D_encoder_best_Gadi.pth
Decoder is now saved to Path: Conv2D_decoder_best_Gadi.pth

130 epochs have finished
Current training loss is  0.014708455591403435
Validation loss for this epoch is 0.001866317641997739

131 epochs have finished
Current training loss is  0.014683574147284162
Validation loss for this epoch is 0.0018197958139580805
Encoder is now saved to Path: Conv2D_encoder_best_Gadi.pth
Decoder is now saved to Path: Conv2D_decoder_best_Gadi.pth

132 epochs have finished
Current training loss is  0.014647523037183419
Validation loss for this epoch is 0.0018632844735293475

133 epochs have finished
Current training loss is  0.0146160121827279
Validation loss for this epoch is 0.001835178577039187

134 epochs have finished
Current training loss is  0.014580231383661157
Validation loss for this epoch is 0.0018146240465739538
Encoder is now saved to Path: Conv2D_encoder_best_Gadi.pth
Decoder is now saved to Path: Conv2D_decoder_best_Gadi.pth

135 epochs have finished
Current training loss is  0.014556442130015057
Validation loss for this epoch is 0.0018156660947852288

136 epochs have finished
Current training loss is  0.014524787159189145
Validation loss for this epoch is 0.001801349209813452
Encoder is now saved to Path: Conv2D_encoder_best_Gadi.pth
Decoder is now saved to Path: Conv2D_decoder_best_Gadi.pth

137 epochs have finished
Current training loss is  0.014492040979121157
Validation loss for this epoch is 0.00179869488647455
Encoder is now saved to Path: Conv2D_encoder_best_Gadi.pth
Decoder is now saved to Path: Conv2D_decoder_best_Gadi.pth

138 epochs have finished
Current training loss is  0.014463381678638143
Validation loss for this epoch is 0.0018039390828334945

139 epochs have finished
Current training loss is  0.014431685748832024
Validation loss for this epoch is 0.001837399433156861

140 epochs have finished
Current training loss is  0.014403246606207176
Validation loss for this epoch is 0.0017883211199887228
Encoder is now saved to Path: Conv2D_encoder_best_Gadi.pth
Decoder is now saved to Path: Conv2D_decoder_best_Gadi.pth

141 epochs have finished
Current training loss is  0.014370629839049798
Validation loss for this epoch is 0.001785002889732823
Encoder is now saved to Path: Conv2D_encoder_best_Gadi.pth
Decoder is now saved to Path: Conv2D_decoder_best_Gadi.pth

142 epochs have finished
Current training loss is  0.0143444591366233
Validation loss for this epoch is 0.001827998433554967

143 epochs have finished
Current training loss is  0.014313990884147643
Validation loss for this epoch is 0.0017817833410163075
Encoder is now saved to Path: Conv2D_encoder_best_Gadi.pth
Decoder is now saved to Path: Conv2D_decoder_best_Gadi.pth

144 epochs have finished
Current training loss is  0.014284148095612181
Validation loss for this epoch is 0.0017790507727113436
Encoder is now saved to Path: Conv2D_encoder_best_Gadi.pth
Decoder is now saved to Path: Conv2D_decoder_best_Gadi.pth

145 epochs have finished
Current training loss is  0.014258219177463616
Validation loss for this epoch is 0.0017666141956169668
Encoder is now saved to Path: Conv2D_encoder_best_Gadi.pth
Decoder is now saved to Path: Conv2D_decoder_best_Gadi.pth

146 epochs have finished
Current training loss is  0.014224884767827461
Validation loss for this epoch is 0.001770990856471144

147 epochs have finished
Current training loss is  0.014200464260966328
Validation loss for this epoch is 0.0018117455825858997

148 epochs have finished
Current training loss is  0.014175081056350791
Validation loss for this epoch is 0.0017875371605668988

149 epochs have finished
Current training loss is  0.01414721327762436
Validation loss for this epoch is 0.0017679190692660995

150 epochs have finished
Current training loss is  0.014114183964920812
Validation loss for this epoch is 0.0017506865883660794
Encoder is now saved to Path: Conv2D_encoder_best_Gadi.pth
Decoder is now saved to Path: Conv2D_decoder_best_Gadi.pth

151 epochs have finished
Current training loss is  0.014089324005567505
Validation loss for this epoch is 0.0017673826588406882

152 epochs have finished
Current training loss is  0.014060063187002925
Validation loss for this epoch is 0.0017428293491548175
Encoder is now saved to Path: Conv2D_encoder_best_Gadi.pth
Decoder is now saved to Path: Conv2D_decoder_best_Gadi.pth

153 epochs have finished
Current training loss is  0.014035777769549895
Validation loss for this epoch is 0.0017954644496285255

154 epochs have finished
Current training loss is  0.014007869170768572
Validation loss for this epoch is 0.0017546387367701755

155 epochs have finished
Current training loss is  0.013981236815652665
Validation loss for this epoch is 0.0017323837573712808
Encoder is now saved to Path: Conv2D_encoder_best_Gadi.pth
Decoder is now saved to Path: Conv2D_decoder_best_Gadi.pth

156 epochs have finished
Current training loss is  0.013953299991953827
Validation loss for this epoch is 0.00174145337336995

157 epochs have finished
Current training loss is  0.013926612346494949
Validation loss for this epoch is 0.0017297063176329175
Encoder is now saved to Path: Conv2D_encoder_best_Gadi.pth
Decoder is now saved to Path: Conv2D_decoder_best_Gadi.pth

158 epochs have finished
Current training loss is  0.013902116693657263
Validation loss for this epoch is 0.0017256848060469565
Encoder is now saved to Path: Conv2D_encoder_best_Gadi.pth
Decoder is now saved to Path: Conv2D_decoder_best_Gadi.pth

159 epochs have finished
Current training loss is  0.01387414786051977
Validation loss for this epoch is 0.0017333224587900986

160 epochs have finished
Current training loss is  0.013850893799485675
Validation loss for this epoch is 0.0017357962622099876

161 epochs have finished
Current training loss is  0.013823009029692912
Validation loss for this epoch is 0.00174309259864458

162 epochs have finished
Current training loss is  0.013795538808381025
Validation loss for this epoch is 0.0017182871489467288
Encoder is now saved to Path: Conv2D_encoder_best_Gadi.pth
Decoder is now saved to Path: Conv2D_decoder_best_Gadi.pth

163 epochs have finished
Current training loss is  0.013773895161421024
Validation loss for this epoch is 0.0017199887388414936

164 epochs have finished
Current training loss is  0.013747809383630738
Validation loss for this epoch is 0.0017487322954821138

165 epochs have finished
Current training loss is  0.013720837558139465
Validation loss for this epoch is 0.0017238007826563262

166 epochs have finished
Current training loss is  0.013698232212732364
Validation loss for this epoch is 0.001700888494838182
Encoder is now saved to Path: Conv2D_encoder_best_Gadi.pth
Decoder is now saved to Path: Conv2D_decoder_best_Gadi.pth

167 epochs have finished
Current training loss is  0.013669780978830204
Validation loss for this epoch is 0.0016961815625791132
Encoder is now saved to Path: Conv2D_encoder_best_Gadi.pth
Decoder is now saved to Path: Conv2D_decoder_best_Gadi.pth

168 epochs have finished
Current training loss is  0.013648439320718353
Validation loss for this epoch is 0.0017110159859612395

169 epochs have finished
Current training loss is  0.013621331204717535
Validation loss for this epoch is 0.0017038136957125971

170 epochs have finished
Current training loss is  0.01360102635567273
Validation loss for this epoch is 0.0017282625132111207

171 epochs have finished
Current training loss is  0.013574229404866855
Validation loss for this epoch is 0.0016865589484496013
Encoder is now saved to Path: Conv2D_encoder_best_Gadi.pth
Decoder is now saved to Path: Conv2D_decoder_best_Gadi.pth

172 epochs have finished
Current training loss is  0.013550457019164242
Validation loss for this epoch is 0.0017114387309220547

173 epochs have finished
Current training loss is  0.013529588587857688
Validation loss for this epoch is 0.0016813234265100618
Encoder is now saved to Path: Conv2D_encoder_best_Gadi.pth
Decoder is now saved to Path: Conv2D_decoder_best_Gadi.pth

174 epochs have finished
Current training loss is  0.013500628846145446
Validation loss for this epoch is 0.001801537343567361

175 epochs have finished
Current training loss is  0.01348075966552642
Validation loss for this epoch is 0.0016735903636799776
Encoder is now saved to Path: Conv2D_encoder_best_Gadi.pth
Decoder is now saved to Path: Conv2D_decoder_best_Gadi.pth

176 epochs have finished
Current training loss is  0.013458928242357615
Validation loss for this epoch is 0.0016692355975465034
Encoder is now saved to Path: Conv2D_encoder_best_Gadi.pth
Decoder is now saved to Path: Conv2D_decoder_best_Gadi.pth

177 epochs have finished
Current training loss is  0.013431488664764402
Validation loss for this epoch is 0.0016810920623129277

178 epochs have finished
Current training loss is  0.013413826349392366
Validation loss for this epoch is 0.0016752636436194734

179 epochs have finished
Current training loss is  0.013386988410388767
Validation loss for this epoch is 0.001672389220743753

180 epochs have finished
Current training loss is  0.01336808664950695
Validation loss for this epoch is 0.001659533115685008
Encoder is now saved to Path: Conv2D_encoder_best_Gadi.pth
Decoder is now saved to Path: Conv2D_decoder_best_Gadi.pth

181 epochs have finished
Current training loss is  0.013345048441806284
Validation loss for this epoch is 0.0016605253761099448

182 epochs have finished
Current training loss is  0.013320113566123837
Validation loss for this epoch is 0.0016601360993035996

183 epochs have finished
Current training loss is  0.013301307748406543
Validation loss for this epoch is 0.001691369811851473

184 epochs have finished
Current training loss is  0.013277065478860095
Validation loss for this epoch is 0.0016515200642288619
Encoder is now saved to Path: Conv2D_encoder_best_Gadi.pth
Decoder is now saved to Path: Conv2D_decoder_best_Gadi.pth

185 epochs have finished
Current training loss is  0.013256531571073538
Validation loss for this epoch is 0.0016470418009930654
Encoder is now saved to Path: Conv2D_encoder_best_Gadi.pth
Decoder is now saved to Path: Conv2D_decoder_best_Gadi.pth

186 epochs have finished
Current training loss is  0.013234304376851469
Validation loss for this epoch is 0.001643141718204788
Encoder is now saved to Path: Conv2D_encoder_best_Gadi.pth
Decoder is now saved to Path: Conv2D_decoder_best_Gadi.pth

187 epochs have finished
Current training loss is  0.01321467359991857
Validation loss for this epoch is 0.0016645087762299227

188 epochs have finished
Current training loss is  0.013195537354818043
Validation loss for this epoch is 0.0016367728579780305
Encoder is now saved to Path: Conv2D_encoder_best_Gadi.pth
Decoder is now saved to Path: Conv2D_decoder_best_Gadi.pth

189 epochs have finished
Current training loss is  0.013171592359412898
Validation loss for this epoch is 0.0016625109456072096

190 epochs have finished
Current training loss is  0.013152973345086139
Validation loss for this epoch is 0.0016377859958538465

191 epochs have finished
Current training loss is  0.013130064348274573
Validation loss for this epoch is 0.001634482208942245
Encoder is now saved to Path: Conv2D_encoder_best_Gadi.pth
Decoder is now saved to Path: Conv2D_decoder_best_Gadi.pth

192 epochs have finished
Current training loss is  0.013110141195738834
Validation loss for this epoch is 0.0016430762738082194

193 epochs have finished
Current training loss is  0.013091536455704045
Validation loss for this epoch is 0.0016439071440572661

194 epochs have finished
Current training loss is  0.013071844707837954
Validation loss for this epoch is 0.0016298323599812647
Encoder is now saved to Path: Conv2D_encoder_best_Gadi.pth
Decoder is now saved to Path: Conv2D_decoder_best_Gadi.pth

195 epochs have finished
Current training loss is  0.013052546704557244
Validation loss for this epoch is 0.0016270711921606562
Encoder is now saved to Path: Conv2D_encoder_best_Gadi.pth
Decoder is now saved to Path: Conv2D_decoder_best_Gadi.pth

196 epochs have finished
Current training loss is  0.013033468258527137
Validation loss for this epoch is 0.001618083836660844
Encoder is now saved to Path: Conv2D_encoder_best_Gadi.pth
Decoder is now saved to Path: Conv2D_decoder_best_Gadi.pth

197 epochs have finished
Current training loss is  0.013013191920549616
Validation loss for this epoch is 0.001614622059832982
Encoder is now saved to Path: Conv2D_encoder_best_Gadi.pth
Decoder is now saved to Path: Conv2D_decoder_best_Gadi.pth

198 epochs have finished
Current training loss is  0.01299520213933647
Validation loss for this epoch is 0.0016144008878882232
Encoder is now saved to Path: Conv2D_encoder_best_Gadi.pth
Decoder is now saved to Path: Conv2D_decoder_best_Gadi.pth

199 epochs have finished
Current training loss is  0.012975317156247002
Validation loss for this epoch is 0.0016119109722012581
Encoder is now saved to Path: Conv2D_encoder_best_Gadi.pth
Decoder is now saved to Path: Conv2D_decoder_best_Gadi.pth

200 epochs have finished
Current training loss is  0.012956379752608882
Validation loss for this epoch is 0.0016198480558387018

Training Finished
Best model has a validation loss of 0.0016119109722012581 and it's in epoch 199
Training Data saved! The path is ConvAE_trainingData_Gadi.txt
