Current device is  cuda
1 epochs have finished
Current training loss is  154.11537600541487
Validation loss for this epoch is 1.7800847836770117
Encoder is now saved to Path: Conv2D_encoder_best_Gadi.pth
Decoder is now saved to Path: Conv2D_decoder_best_Gadi.pth

2 epochs have finished
Current training loss is  6.528202710382175
Validation loss for this epoch is 0.34978132881224155
Encoder is now saved to Path: Conv2D_encoder_best_Gadi.pth
Decoder is now saved to Path: Conv2D_decoder_best_Gadi.pth

3 epochs have finished
Current training loss is  1.7906756974407472
Validation loss for this epoch is 0.14568117290036753
Encoder is now saved to Path: Conv2D_encoder_best_Gadi.pth
Decoder is now saved to Path: Conv2D_decoder_best_Gadi.pth

4 epochs have finished
Current training loss is  0.826251371014223
Validation loss for this epoch is 0.055536033629323356
Encoder is now saved to Path: Conv2D_encoder_best_Gadi.pth
Decoder is now saved to Path: Conv2D_decoder_best_Gadi.pth

5 epochs have finished
Current training loss is  0.23923040540103102
Validation loss for this epoch is 0.017191282660860452
Encoder is now saved to Path: Conv2D_encoder_best_Gadi.pth
Decoder is now saved to Path: Conv2D_decoder_best_Gadi.pth

6 epochs have finished
Current training loss is  0.10622698797760677
Validation loss for this epoch is 0.010511199258871784
Encoder is now saved to Path: Conv2D_encoder_best_Gadi.pth
Decoder is now saved to Path: Conv2D_decoder_best_Gadi.pth

7 epochs have finished
Current training loss is  0.07290670932707144
Validation loss for this epoch is 0.007949141300741758
Encoder is now saved to Path: Conv2D_encoder_best_Gadi.pth
Decoder is now saved to Path: Conv2D_decoder_best_Gadi.pth

8 epochs have finished
Current training loss is  0.057666020447868505
Validation loss for this epoch is 0.0064854149140956
Encoder is now saved to Path: Conv2D_encoder_best_Gadi.pth
Decoder is now saved to Path: Conv2D_decoder_best_Gadi.pth

9 epochs have finished
Current training loss is  0.0482171718367681
Validation loss for this epoch is 0.005556469388466212
Encoder is now saved to Path: Conv2D_encoder_best_Gadi.pth
Decoder is now saved to Path: Conv2D_decoder_best_Gadi.pth

10 epochs have finished
Current training loss is  0.04191628536682401
Validation loss for this epoch is 0.004891306718036503
Encoder is now saved to Path: Conv2D_encoder_best_Gadi.pth
Decoder is now saved to Path: Conv2D_decoder_best_Gadi.pth

11 epochs have finished
Current training loss is  0.037531633232902095
Validation loss for this epoch is 0.004479615846321394
Encoder is now saved to Path: Conv2D_encoder_best_Gadi.pth
Decoder is now saved to Path: Conv2D_decoder_best_Gadi.pth

12 epochs have finished
Current training loss is  0.03431018542823949
Validation loss for this epoch is 0.004105016002085904
Encoder is now saved to Path: Conv2D_encoder_best_Gadi.pth
Decoder is now saved to Path: Conv2D_decoder_best_Gadi.pth

13 epochs have finished
Current training loss is  0.031838233974212926
Validation loss for this epoch is 0.0038226986425797804
Encoder is now saved to Path: Conv2D_encoder_best_Gadi.pth
Decoder is now saved to Path: Conv2D_decoder_best_Gadi.pth

14 epochs have finished
Current training loss is  0.02988535811937254
Validation loss for this epoch is 0.0035967345017979824
Encoder is now saved to Path: Conv2D_encoder_best_Gadi.pth
Decoder is now saved to Path: Conv2D_decoder_best_Gadi.pth

15 epochs have finished
Current training loss is  0.028321128835614218
Validation loss for this epoch is 0.0034190784592738055
Encoder is now saved to Path: Conv2D_encoder_best_Gadi.pth
Decoder is now saved to Path: Conv2D_decoder_best_Gadi.pth

16 epochs have finished
Current training loss is  0.027009145964257186
Validation loss for this epoch is 0.003296763974503847
Encoder is now saved to Path: Conv2D_encoder_best_Gadi.pth
Decoder is now saved to Path: Conv2D_decoder_best_Gadi.pth

17 epochs have finished
Current training loss is  0.02590473172995189
Validation loss for this epoch is 0.0031646186346279137
Encoder is now saved to Path: Conv2D_encoder_best_Gadi.pth
Decoder is now saved to Path: Conv2D_decoder_best_Gadi.pth

18 epochs have finished
Current training loss is  0.02495591212027648
Validation loss for this epoch is 0.0030577716088373563
Encoder is now saved to Path: Conv2D_encoder_best_Gadi.pth
Decoder is now saved to Path: Conv2D_decoder_best_Gadi.pth

19 epochs have finished
Current training loss is  0.024121771668205838
Validation loss for this epoch is 0.002934114751042216
Encoder is now saved to Path: Conv2D_encoder_best_Gadi.pth
Decoder is now saved to Path: Conv2D_decoder_best_Gadi.pth

20 epochs have finished
Current training loss is  0.023397840534698844
Validation loss for this epoch is 0.002849587837999934
Encoder is now saved to Path: Conv2D_encoder_best_Gadi.pth
Decoder is now saved to Path: Conv2D_decoder_best_Gadi.pth

21 epochs have finished
Current training loss is  0.022739414830539317
Validation loss for this epoch is 0.0027859312376676826
Encoder is now saved to Path: Conv2D_encoder_best_Gadi.pth
Decoder is now saved to Path: Conv2D_decoder_best_Gadi.pth

22 epochs have finished
Current training loss is  0.022138981777516165
Validation loss for this epoch is 0.0027201266007068625
Encoder is now saved to Path: Conv2D_encoder_best_Gadi.pth
Decoder is now saved to Path: Conv2D_decoder_best_Gadi.pth

23 epochs have finished
Current training loss is  0.02158570737719856
Validation loss for this epoch is 0.0026398631489428226
Encoder is now saved to Path: Conv2D_encoder_best_Gadi.pth
Decoder is now saved to Path: Conv2D_decoder_best_Gadi.pth

24 epochs have finished
Current training loss is  0.021067304432108358
Validation loss for this epoch is 0.00259142447157501
Encoder is now saved to Path: Conv2D_encoder_best_Gadi.pth
Decoder is now saved to Path: Conv2D_decoder_best_Gadi.pth

25 epochs have finished
Current training loss is  0.020587508546441313
Validation loss for this epoch is 0.002512563567961479
Encoder is now saved to Path: Conv2D_encoder_best_Gadi.pth
Decoder is now saved to Path: Conv2D_decoder_best_Gadi.pth

26 epochs have finished
Current training loss is  0.020134703599524073
Validation loss for this epoch is 0.0024584913837770728
Encoder is now saved to Path: Conv2D_encoder_best_Gadi.pth
Decoder is now saved to Path: Conv2D_decoder_best_Gadi.pth

27 epochs have finished
Current training loss is  0.019691106333084463
Validation loss for this epoch is 0.0024703822446099366

28 epochs have finished
Current training loss is  0.019268837877234546
Validation loss for this epoch is 0.0023600381155119976
Encoder is now saved to Path: Conv2D_encoder_best_Gadi.pth
Decoder is now saved to Path: Conv2D_decoder_best_Gadi.pth

29 epochs have finished
Current training loss is  0.01886862257606481
Validation loss for this epoch is 0.0023115184221751406
Encoder is now saved to Path: Conv2D_encoder_best_Gadi.pth
Decoder is now saved to Path: Conv2D_decoder_best_Gadi.pth

30 epochs have finished
Current training loss is  0.018476336197977616
Validation loss for this epoch is 0.00226423767662709
Encoder is now saved to Path: Conv2D_encoder_best_Gadi.pth
Decoder is now saved to Path: Conv2D_decoder_best_Gadi.pth

31 epochs have finished
Current training loss is  0.01810352760605838
Validation loss for this epoch is 0.0022266921525897487
Encoder is now saved to Path: Conv2D_encoder_best_Gadi.pth
Decoder is now saved to Path: Conv2D_decoder_best_Gadi.pth

32 epochs have finished
Current training loss is  0.017743974828022147
Validation loss for this epoch is 0.002189732820397694
Encoder is now saved to Path: Conv2D_encoder_best_Gadi.pth
Decoder is now saved to Path: Conv2D_decoder_best_Gadi.pth

33 epochs have finished
Current training loss is  0.017403136048415035
Validation loss for this epoch is 0.0021846612557965273
Encoder is now saved to Path: Conv2D_encoder_best_Gadi.pth
Decoder is now saved to Path: Conv2D_decoder_best_Gadi.pth

34 epochs have finished
Current training loss is  0.01706928176497513
Validation loss for this epoch is 0.002088725199541841
Encoder is now saved to Path: Conv2D_encoder_best_Gadi.pth
Decoder is now saved to Path: Conv2D_decoder_best_Gadi.pth

35 epochs have finished
Current training loss is  0.016760115461920577
Validation loss for this epoch is 0.0020606362273838386
Encoder is now saved to Path: Conv2D_encoder_best_Gadi.pth
Decoder is now saved to Path: Conv2D_decoder_best_Gadi.pth

36 epochs have finished
Current training loss is  0.0164655047889255
Validation loss for this epoch is 0.0020460524989402984
Encoder is now saved to Path: Conv2D_encoder_best_Gadi.pth
Decoder is now saved to Path: Conv2D_decoder_best_Gadi.pth

37 epochs have finished
Current training loss is  0.016186392616305056
Validation loss for this epoch is 0.0019767323702808426
Encoder is now saved to Path: Conv2D_encoder_best_Gadi.pth
Decoder is now saved to Path: Conv2D_decoder_best_Gadi.pth

38 epochs have finished
Current training loss is  0.0159257104982089
Validation loss for this epoch is 0.001952252293563106
Encoder is now saved to Path: Conv2D_encoder_best_Gadi.pth
Decoder is now saved to Path: Conv2D_decoder_best_Gadi.pth

39 epochs have finished
Current training loss is  0.015684839871255463
Validation loss for this epoch is 0.0019239896270164536
Encoder is now saved to Path: Conv2D_encoder_best_Gadi.pth
Decoder is now saved to Path: Conv2D_decoder_best_Gadi.pth

40 epochs have finished
Current training loss is  0.015452019475219458
Validation loss for this epoch is 0.0018904440195228744
Encoder is now saved to Path: Conv2D_encoder_best_Gadi.pth
Decoder is now saved to Path: Conv2D_decoder_best_Gadi.pth

41 epochs have finished
Current training loss is  0.01523865140700309
Validation loss for this epoch is 0.0019156583689436957

42 epochs have finished
Current training loss is  0.015037962246537973
Validation loss for this epoch is 0.0018604373233301885
Encoder is now saved to Path: Conv2D_encoder_best_Gadi.pth
Decoder is now saved to Path: Conv2D_decoder_best_Gadi.pth

43 epochs have finished
Current training loss is  0.014847481448100552
Validation loss for this epoch is 0.001844275766870851
Encoder is now saved to Path: Conv2D_encoder_best_Gadi.pth
Decoder is now saved to Path: Conv2D_decoder_best_Gadi.pth

44 epochs have finished
Current training loss is  0.014674041658736314
Validation loss for this epoch is 0.0018090284539766799
Encoder is now saved to Path: Conv2D_encoder_best_Gadi.pth
Decoder is now saved to Path: Conv2D_decoder_best_Gadi.pth

45 epochs have finished
Current training loss is  0.014500761376211813
Validation loss for this epoch is 0.0017997279924202303
Encoder is now saved to Path: Conv2D_encoder_best_Gadi.pth
Decoder is now saved to Path: Conv2D_decoder_best_Gadi.pth

46 epochs have finished
Current training loss is  0.01433796333913051
Validation loss for this epoch is 0.0017595621586679044
Encoder is now saved to Path: Conv2D_encoder_best_Gadi.pth
Decoder is now saved to Path: Conv2D_decoder_best_Gadi.pth

47 epochs have finished
Current training loss is  0.014182300150991978
Validation loss for this epoch is 0.0017453883666576075
Encoder is now saved to Path: Conv2D_encoder_best_Gadi.pth
Decoder is now saved to Path: Conv2D_decoder_best_Gadi.pth

48 epochs have finished
Current training loss is  0.01403549097767609
Validation loss for this epoch is 0.0017345311915732964
Encoder is now saved to Path: Conv2D_encoder_best_Gadi.pth
Decoder is now saved to Path: Conv2D_decoder_best_Gadi.pth

49 epochs have finished
Current training loss is  0.013892736641309966
Validation loss for this epoch is 0.0017002425822738587
Encoder is now saved to Path: Conv2D_encoder_best_Gadi.pth
Decoder is now saved to Path: Conv2D_decoder_best_Gadi.pth

50 epochs have finished
Current training loss is  0.01375504055397414
Validation loss for this epoch is 0.001791107583471785

51 epochs have finished
Current training loss is  0.013616984047530423
Validation loss for this epoch is 0.0017064032904272608

52 epochs have finished
Current training loss is  0.013482784301913853
Validation loss for this epoch is 0.0016512557465375721
Encoder is now saved to Path: Conv2D_encoder_best_Gadi.pth
Decoder is now saved to Path: Conv2D_decoder_best_Gadi.pth

53 epochs have finished
Current training loss is  0.013356324846881762
Validation loss for this epoch is 0.001639471149928795
Encoder is now saved to Path: Conv2D_encoder_best_Gadi.pth
Decoder is now saved to Path: Conv2D_decoder_best_Gadi.pth

54 epochs have finished
Current training loss is  0.013232819264430873
Validation loss for this epoch is 0.0016205073586661456
Encoder is now saved to Path: Conv2D_encoder_best_Gadi.pth
Decoder is now saved to Path: Conv2D_decoder_best_Gadi.pth

55 epochs have finished
Current training loss is  0.013102337338409598
Validation loss for this epoch is 0.0016225468500579154

56 epochs have finished
Current training loss is  0.01297844766770595
Validation loss for this epoch is 0.0016115250944039872
Encoder is now saved to Path: Conv2D_encoder_best_Gadi.pth
Decoder is now saved to Path: Conv2D_decoder_best_Gadi.pth

57 epochs have finished
Current training loss is  0.012856862412718328
Validation loss for this epoch is 0.0015797155475638647
Encoder is now saved to Path: Conv2D_encoder_best_Gadi.pth
Decoder is now saved to Path: Conv2D_decoder_best_Gadi.pth

58 epochs have finished
Current training loss is  0.012728952958127593
Validation loss for this epoch is 0.0015863267009308402

59 epochs have finished
Current training loss is  0.012598524230952535
Validation loss for this epoch is 0.0015596272384073018
Encoder is now saved to Path: Conv2D_encoder_best_Gadi.pth
Decoder is now saved to Path: Conv2D_decoder_best_Gadi.pth

60 epochs have finished
Current training loss is  0.012473819734850622
Validation loss for this epoch is 0.0015250272800813036
Encoder is now saved to Path: Conv2D_encoder_best_Gadi.pth
Decoder is now saved to Path: Conv2D_decoder_best_Gadi.pth

61 epochs have finished
Current training loss is  0.012341831459707464
Validation loss for this epoch is 0.0015470046878363064

62 epochs have finished
Current training loss is  0.01221798944720831
Validation loss for this epoch is 0.0014922234005325663
Encoder is now saved to Path: Conv2D_encoder_best_Gadi.pth
Decoder is now saved to Path: Conv2D_decoder_best_Gadi.pth

63 epochs have finished
Current training loss is  0.012075244673837915
Validation loss for this epoch is 0.0014804400001366957
Encoder is now saved to Path: Conv2D_encoder_best_Gadi.pth
Decoder is now saved to Path: Conv2D_decoder_best_Gadi.pth

64 epochs have finished
Current training loss is  0.011944319201688813
Validation loss for this epoch is 0.0014887395893765643

65 epochs have finished
Current training loss is  0.011800350575754237
Validation loss for this epoch is 0.0015638714637589146

66 epochs have finished
Current training loss is  0.011660174874805307
Validation loss for this epoch is 0.001443505151314639
Encoder is now saved to Path: Conv2D_encoder_best_Gadi.pth
Decoder is now saved to Path: Conv2D_decoder_best_Gadi.pth

67 epochs have finished
Current training loss is  0.011504048888127727
Validation loss for this epoch is 0.0014159780632780894
Encoder is now saved to Path: Conv2D_encoder_best_Gadi.pth
Decoder is now saved to Path: Conv2D_decoder_best_Gadi.pth

68 epochs have finished
Current training loss is  0.011358039486822236
Validation loss for this epoch is 0.0013854789575589166
Encoder is now saved to Path: Conv2D_encoder_best_Gadi.pth
Decoder is now saved to Path: Conv2D_decoder_best_Gadi.pth

69 epochs have finished
Current training loss is  0.011191908588443766
Validation loss for this epoch is 0.0013660384681770665
Encoder is now saved to Path: Conv2D_encoder_best_Gadi.pth
Decoder is now saved to Path: Conv2D_decoder_best_Gadi.pth

70 epochs have finished
Current training loss is  0.011032582142888714
Validation loss for this epoch is 0.001344248435202644
Encoder is now saved to Path: Conv2D_encoder_best_Gadi.pth
Decoder is now saved to Path: Conv2D_decoder_best_Gadi.pth

71 epochs have finished
Current training loss is  0.010857371140559735
Validation loss for this epoch is 0.001322331698133894
Encoder is now saved to Path: Conv2D_encoder_best_Gadi.pth
Decoder is now saved to Path: Conv2D_decoder_best_Gadi.pth

72 epochs have finished
Current training loss is  0.01068787397741744
Validation loss for this epoch is 0.0012999000165336838
Encoder is now saved to Path: Conv2D_encoder_best_Gadi.pth
Decoder is now saved to Path: Conv2D_decoder_best_Gadi.pth

73 epochs have finished
Current training loss is  0.010504873287459304
Validation loss for this epoch is 0.0012859092802273153
Encoder is now saved to Path: Conv2D_encoder_best_Gadi.pth
Decoder is now saved to Path: Conv2D_decoder_best_Gadi.pth

74 epochs have finished
Current training loss is  0.01032857203841786
Validation loss for this epoch is 0.001255104831443532
Encoder is now saved to Path: Conv2D_encoder_best_Gadi.pth
Decoder is now saved to Path: Conv2D_decoder_best_Gadi.pth

75 epochs have finished
Current training loss is  0.010136532894307493
Validation loss for this epoch is 0.001273778498671163

76 epochs have finished
Current training loss is  0.009953399812161479
Validation loss for this epoch is 0.001228949949336311
Encoder is now saved to Path: Conv2D_encoder_best_Gadi.pth
Decoder is now saved to Path: Conv2D_decoder_best_Gadi.pth

77 epochs have finished
Current training loss is  0.009765470566094336
Validation loss for this epoch is 0.0011892586990143172
Encoder is now saved to Path: Conv2D_encoder_best_Gadi.pth
Decoder is now saved to Path: Conv2D_decoder_best_Gadi.pth

78 epochs have finished
Current training loss is  0.009576335036513228
Validation loss for this epoch is 0.0011645641113773308
Encoder is now saved to Path: Conv2D_encoder_best_Gadi.pth
Decoder is now saved to Path: Conv2D_decoder_best_Gadi.pth

79 epochs have finished
Current training loss is  0.009391737432679292
Validation loss for this epoch is 0.0011479618924568058
Encoder is now saved to Path: Conv2D_encoder_best_Gadi.pth
Decoder is now saved to Path: Conv2D_decoder_best_Gadi.pth

80 epochs have finished
Current training loss is  0.009212331914568495
Validation loss for this epoch is 0.0011189424650410729
Encoder is now saved to Path: Conv2D_encoder_best_Gadi.pth
Decoder is now saved to Path: Conv2D_decoder_best_Gadi.pth

81 epochs have finished
Current training loss is  0.009033663577326934
Validation loss for this epoch is 0.001102505012340771
Encoder is now saved to Path: Conv2D_encoder_best_Gadi.pth
Decoder is now saved to Path: Conv2D_decoder_best_Gadi.pth

82 epochs have finished
Current training loss is  0.00886086206503478
Validation loss for this epoch is 0.001097080263434691
Encoder is now saved to Path: Conv2D_encoder_best_Gadi.pth
Decoder is now saved to Path: Conv2D_decoder_best_Gadi.pth

83 epochs have finished
Current training loss is  0.008696054618042126
Validation loss for this epoch is 0.001067948099489513
Encoder is now saved to Path: Conv2D_encoder_best_Gadi.pth
Decoder is now saved to Path: Conv2D_decoder_best_Gadi.pth

84 epochs have finished
Current training loss is  0.008534784736639267
Validation loss for this epoch is 0.001110978556084774

85 epochs have finished
Current training loss is  0.008382106360897978
Validation loss for this epoch is 0.0010344989923964931
Encoder is now saved to Path: Conv2D_encoder_best_Gadi.pth
Decoder is now saved to Path: Conv2D_decoder_best_Gadi.pth

86 epochs have finished
Current training loss is  0.008238156643869843
Validation loss for this epoch is 0.0010005143531088834
Encoder is now saved to Path: Conv2D_encoder_best_Gadi.pth
Decoder is now saved to Path: Conv2D_decoder_best_Gadi.pth

87 epochs have finished
Current training loss is  0.008094640117406016
Validation loss for this epoch is 0.000994488152628037
Encoder is now saved to Path: Conv2D_encoder_best_Gadi.pth
Decoder is now saved to Path: Conv2D_decoder_best_Gadi.pth

88 epochs have finished
Current training loss is  0.00796299441589099
Validation loss for this epoch is 0.0009666810072985754
Encoder is now saved to Path: Conv2D_encoder_best_Gadi.pth
Decoder is now saved to Path: Conv2D_decoder_best_Gadi.pth

89 epochs have finished
Current training loss is  0.007837189839335679
Validation loss for this epoch is 0.0009579459551787295
Encoder is now saved to Path: Conv2D_encoder_best_Gadi.pth
Decoder is now saved to Path: Conv2D_decoder_best_Gadi.pth

90 epochs have finished
Current training loss is  0.007719684540575145
Validation loss for this epoch is 0.00094483673041168
Encoder is now saved to Path: Conv2D_encoder_best_Gadi.pth
Decoder is now saved to Path: Conv2D_decoder_best_Gadi.pth

91 epochs have finished
Current training loss is  0.007601241472286802
Validation loss for this epoch is 0.0009252364575900174
Encoder is now saved to Path: Conv2D_encoder_best_Gadi.pth
Decoder is now saved to Path: Conv2D_decoder_best_Gadi.pth

92 epochs have finished
Current training loss is  0.007495977569590195
Validation loss for this epoch is 0.0009220898841704184
Encoder is now saved to Path: Conv2D_encoder_best_Gadi.pth
Decoder is now saved to Path: Conv2D_decoder_best_Gadi.pth

93 epochs have finished
Current training loss is  0.007390140737584261
Validation loss for this epoch is 0.0009010447442392433
Encoder is now saved to Path: Conv2D_encoder_best_Gadi.pth
Decoder is now saved to Path: Conv2D_decoder_best_Gadi.pth

94 epochs have finished
Current training loss is  0.007294903376248385
Validation loss for this epoch is 0.0008868367679042422
Encoder is now saved to Path: Conv2D_encoder_best_Gadi.pth
Decoder is now saved to Path: Conv2D_decoder_best_Gadi.pth

95 epochs have finished
Current training loss is  0.007197764043951338
Validation loss for this epoch is 0.0008800360650411676
Encoder is now saved to Path: Conv2D_encoder_best_Gadi.pth
Decoder is now saved to Path: Conv2D_decoder_best_Gadi.pth

96 epochs have finished
Current training loss is  0.007112905870940267
Validation loss for this epoch is 0.0008646473244198205
Encoder is now saved to Path: Conv2D_encoder_best_Gadi.pth
Decoder is now saved to Path: Conv2D_decoder_best_Gadi.pth

97 epochs have finished
Current training loss is  0.007024204390177147
Validation loss for this epoch is 0.000870857165864436

98 epochs have finished
Current training loss is  0.006947654205248455
Validation loss for this epoch is 0.0008583652666516173
Encoder is now saved to Path: Conv2D_encoder_best_Gadi.pth
Decoder is now saved to Path: Conv2D_decoder_best_Gadi.pth

99 epochs have finished
Current training loss is  0.006869745195729138
Validation loss for this epoch is 0.0008507091825435964
Encoder is now saved to Path: Conv2D_encoder_best_Gadi.pth
Decoder is now saved to Path: Conv2D_decoder_best_Gadi.pth

100 epochs have finished
Current training loss is  0.006794857945976673
Validation loss for this epoch is 0.0008259677608748461
Encoder is now saved to Path: Conv2D_encoder_best_Gadi.pth
Decoder is now saved to Path: Conv2D_decoder_best_Gadi.pth

101 epochs have finished
Current training loss is  0.006728065390461779
Validation loss for this epoch is 0.0008196483152573819
Encoder is now saved to Path: Conv2D_encoder_best_Gadi.pth
Decoder is now saved to Path: Conv2D_decoder_best_Gadi.pth

102 epochs have finished
Current training loss is  0.006660096144230465
Validation loss for this epoch is 0.0008125145408826029
Encoder is now saved to Path: Conv2D_encoder_best_Gadi.pth
Decoder is now saved to Path: Conv2D_decoder_best_Gadi.pth

103 epochs have finished
Current training loss is  0.0065959063977061305
Validation loss for this epoch is 0.0008044640924822488
Encoder is now saved to Path: Conv2D_encoder_best_Gadi.pth
Decoder is now saved to Path: Conv2D_decoder_best_Gadi.pth

104 epochs have finished
Current training loss is  0.006537261609935285
Validation loss for this epoch is 0.0007990758278992871
Encoder is now saved to Path: Conv2D_encoder_best_Gadi.pth
Decoder is now saved to Path: Conv2D_decoder_best_Gadi.pth

105 epochs have finished
Current training loss is  0.006480019507250745
Validation loss for this epoch is 0.0008196286402153419

106 epochs have finished
Current training loss is  0.006421802715578906
Validation loss for this epoch is 0.0008308821057312343

107 epochs have finished
Current training loss is  0.006372275983437703
Validation loss for this epoch is 0.0008043480341939357

108 epochs have finished
Current training loss is  0.0063201045330743
Validation loss for this epoch is 0.0007739233133179368
Encoder is now saved to Path: Conv2D_encoder_best_Gadi.pth
Decoder is now saved to Path: Conv2D_decoder_best_Gadi.pth

109 epochs have finished
Current training loss is  0.006270164805698641
Validation loss for this epoch is 0.0007630562609506342
Encoder is now saved to Path: Conv2D_encoder_best_Gadi.pth
Decoder is now saved to Path: Conv2D_decoder_best_Gadi.pth

110 epochs have finished
Current training loss is  0.00622803080199219
Validation loss for this epoch is 0.0007663940193083363

111 epochs have finished
Current training loss is  0.006183628776682326
Validation loss for this epoch is 0.0007662194851150161

112 epochs have finished
Current training loss is  0.006140219184374018
Validation loss for this epoch is 0.0007480221296418677
Encoder is now saved to Path: Conv2D_encoder_best_Gadi.pth
Decoder is now saved to Path: Conv2D_decoder_best_Gadi.pth

113 epochs have finished
Current training loss is  0.006101252806217872
Validation loss for this epoch is 0.00074568269815245
Encoder is now saved to Path: Conv2D_encoder_best_Gadi.pth
Decoder is now saved to Path: Conv2D_decoder_best_Gadi.pth

114 epochs have finished
Current training loss is  0.006063038140609933
Validation loss for this epoch is 0.0007479211555505572

115 epochs have finished
Current training loss is  0.006024716426850318
Validation loss for this epoch is 0.0007368879425939667
Encoder is now saved to Path: Conv2D_encoder_best_Gadi.pth
Decoder is now saved to Path: Conv2D_decoder_best_Gadi.pth

116 epochs have finished
Current training loss is  0.005991970358252274
Validation loss for this epoch is 0.0007285762590072409
Encoder is now saved to Path: Conv2D_encoder_best_Gadi.pth
Decoder is now saved to Path: Conv2D_decoder_best_Gadi.pth

117 epochs have finished
Current training loss is  0.005956569873148965
Validation loss for this epoch is 0.0007453537892274653

118 epochs have finished
Current training loss is  0.005921959690851963
Validation loss for this epoch is 0.0007211824141108991
Encoder is now saved to Path: Conv2D_encoder_best_Gadi.pth
Decoder is now saved to Path: Conv2D_decoder_best_Gadi.pth

119 epochs have finished
Current training loss is  0.0058930867155027045
Validation loss for this epoch is 0.000749851734724416

120 epochs have finished
Current training loss is  0.005863313232623568
Validation loss for this epoch is 0.0007127012978003222
Encoder is now saved to Path: Conv2D_encoder_best_Gadi.pth
Decoder is now saved to Path: Conv2D_decoder_best_Gadi.pth

121 epochs have finished
Current training loss is  0.005833671178208988
Validation loss for this epoch is 0.0007116501552104637
Encoder is now saved to Path: Conv2D_encoder_best_Gadi.pth
Decoder is now saved to Path: Conv2D_decoder_best_Gadi.pth

122 epochs have finished
Current training loss is  0.005805038769551629
Validation loss for this epoch is 0.0007169130709030469

123 epochs have finished
Current training loss is  0.005779904278824688
Validation loss for this epoch is 0.0007151665017772757

124 epochs have finished
Current training loss is  0.0057518176829489676
Validation loss for this epoch is 0.0007024008401117499
Encoder is now saved to Path: Conv2D_encoder_best_Gadi.pth
Decoder is now saved to Path: Conv2D_decoder_best_Gadi.pth

125 epochs have finished
Current training loss is  0.005728009382551136
Validation loss for this epoch is 0.0007019803846333161
Encoder is now saved to Path: Conv2D_encoder_best_Gadi.pth
Decoder is now saved to Path: Conv2D_decoder_best_Gadi.pth

126 epochs have finished
Current training loss is  0.005704905348693501
Validation loss for this epoch is 0.0007326091050003924

127 epochs have finished
Current training loss is  0.0056795433532101924
Validation loss for this epoch is 0.0006918648637110891
Encoder is now saved to Path: Conv2D_encoder_best_Gadi.pth
Decoder is now saved to Path: Conv2D_decoder_best_Gadi.pth

128 epochs have finished
Current training loss is  0.005657848866690074
Validation loss for this epoch is 0.0007258049938627664

129 epochs have finished
Current training loss is  0.0056371339097154305
Validation loss for this epoch is 0.0006872866516687282
Encoder is now saved to Path: Conv2D_encoder_best_Gadi.pth
Decoder is now saved to Path: Conv2D_decoder_best_Gadi.pth

130 epochs have finished
Current training loss is  0.005615229746297246
Validation loss for this epoch is 0.0007223452884659309

131 epochs have finished
Current training loss is  0.00559591779801849
Validation loss for this epoch is 0.0006910475584049891

132 epochs have finished
Current training loss is  0.005574099847024172
Validation loss for this epoch is 0.0006877353444565415

133 epochs have finished
Current training loss is  0.0055565379126392145
Validation loss for this epoch is 0.000679244159641712
Encoder is now saved to Path: Conv2D_encoder_best_Gadi.pth
Decoder is now saved to Path: Conv2D_decoder_best_Gadi.pth

134 epochs have finished
Current training loss is  0.0055363417554872285
Validation loss for this epoch is 0.0006735147141512243
Encoder is now saved to Path: Conv2D_encoder_best_Gadi.pth
Decoder is now saved to Path: Conv2D_decoder_best_Gadi.pth

135 epochs have finished
Current training loss is  0.005521119343598002
Validation loss for this epoch is 0.0007502750166850092

136 epochs have finished
Current training loss is  0.005501352503841872
Validation loss for this epoch is 0.0006888574233698819

137 epochs have finished
Current training loss is  0.0054835198037039845
Validation loss for this epoch is 0.000685440582742558

138 epochs have finished
Current training loss is  0.005467465682045258
Validation loss for this epoch is 0.000682615331982106

139 epochs have finished
Current training loss is  0.005451583668332205
Validation loss for this epoch is 0.0006653108076193348
Encoder is now saved to Path: Conv2D_encoder_best_Gadi.pth
Decoder is now saved to Path: Conv2D_decoder_best_Gadi.pth

140 epochs have finished
Current training loss is  0.0054352793919747455
Validation loss for this epoch is 0.0006730383067861112

141 epochs have finished
Current training loss is  0.005422068960683646
Validation loss for this epoch is 0.00066012845189789
Encoder is now saved to Path: Conv2D_encoder_best_Gadi.pth
Decoder is now saved to Path: Conv2D_decoder_best_Gadi.pth

142 epochs have finished
Current training loss is  0.0054045600114136505
Validation loss for this epoch is 0.0006689017748726656

143 epochs have finished
Current training loss is  0.005391278975707792
Validation loss for this epoch is 0.0006568040490151361
Encoder is now saved to Path: Conv2D_encoder_best_Gadi.pth
Decoder is now saved to Path: Conv2D_decoder_best_Gadi.pth

144 epochs have finished
Current training loss is  0.005374749211682683
Validation loss for this epoch is 0.0006596787403054805

145 epochs have finished
Current training loss is  0.005362706748542223
Validation loss for this epoch is 0.0006698901639197175

146 epochs have finished
Current training loss is  0.005348387860237835
Validation loss for this epoch is 0.0006533967190307521
Encoder is now saved to Path: Conv2D_encoder_best_Gadi.pth
Decoder is now saved to Path: Conv2D_decoder_best_Gadi.pth

147 epochs have finished
Current training loss is  0.00533783247158226
Validation loss for this epoch is 0.0006547434312551559

148 epochs have finished
Current training loss is  0.005319916568737426
Validation loss for this epoch is 0.0006473597448461987
Encoder is now saved to Path: Conv2D_encoder_best_Gadi.pth
Decoder is now saved to Path: Conv2D_decoder_best_Gadi.pth

149 epochs have finished
Current training loss is  0.005310312059009448
Validation loss for this epoch is 0.0006716820844872018

150 epochs have finished
Current training loss is  0.005297111745903749
Validation loss for this epoch is 0.0006576791919314928

151 epochs have finished
Current training loss is  0.005284225833179335
Validation loss for this epoch is 0.0006477635389501302

152 epochs have finished
Current training loss is  0.005272214769718175
Validation loss for this epoch is 0.0006558421089835065

153 epochs have finished
Current training loss is  0.005263139369731107
Validation loss for this epoch is 0.0006420436173470989
Encoder is now saved to Path: Conv2D_encoder_best_Gadi.pth
Decoder is now saved to Path: Conv2D_decoder_best_Gadi.pth

154 epochs have finished
Current training loss is  0.0052499559145644525
Validation loss for this epoch is 0.0006427879160355587

155 epochs have finished
Current training loss is  0.005238117862745639
Validation loss for this epoch is 0.0006494659920122103

156 epochs have finished
Current training loss is  0.005227672834621444
Validation loss for this epoch is 0.0007507359468945651

157 epochs have finished
Current training loss is  0.0052161268738473154
Validation loss for this epoch is 0.0006363433426486154
Encoder is now saved to Path: Conv2D_encoder_best_Gadi.pth
Decoder is now saved to Path: Conv2D_decoder_best_Gadi.pth

158 epochs have finished
Current training loss is  0.005205671029386849
Validation loss for this epoch is 0.0007244231825893621

159 epochs have finished
Current training loss is  0.0051965129825362055
Validation loss for this epoch is 0.0006540094640286043

160 epochs have finished
Current training loss is  0.005186151165560204
Validation loss for this epoch is 0.0006406202516586745

161 epochs have finished
Current training loss is  0.005174383429334739
Validation loss for this epoch is 0.0006327867610025351
Encoder is now saved to Path: Conv2D_encoder_best_Gadi.pth
Decoder is now saved to Path: Conv2D_decoder_best_Gadi.pth

162 epochs have finished
Current training loss is  0.005166096029995515
Validation loss for this epoch is 0.0006289067976581464
Encoder is now saved to Path: Conv2D_encoder_best_Gadi.pth
Decoder is now saved to Path: Conv2D_decoder_best_Gadi.pth

163 epochs have finished
Current training loss is  0.005156259112482076
Validation loss for this epoch is 0.0006392179157614919

164 epochs have finished
Current training loss is  0.005146602390937005
Validation loss for this epoch is 0.0006376594884045517

165 epochs have finished
Current training loss is  0.005136586459229875
Validation loss for this epoch is 0.000627516330268918
Encoder is now saved to Path: Conv2D_encoder_best_Gadi.pth
Decoder is now saved to Path: Conv2D_decoder_best_Gadi.pth

166 epochs have finished
Current training loss is  0.005127166239276448
Validation loss for this epoch is 0.0006317505372521737

167 epochs have finished
Current training loss is  0.005118772212995282
Validation loss for this epoch is 0.0006316260792118555

168 epochs have finished
Current training loss is  0.005110801333273685
Validation loss for this epoch is 0.0006233208121102507
Encoder is now saved to Path: Conv2D_encoder_best_Gadi.pth
Decoder is now saved to Path: Conv2D_decoder_best_Gadi.pth

169 epochs have finished
Current training loss is  0.005100863827749436
Validation loss for this epoch is 0.000625996853898414

170 epochs have finished
Current training loss is  0.005091717409868579
Validation loss for this epoch is 0.0006210127484678196
Encoder is now saved to Path: Conv2D_encoder_best_Gadi.pth
Decoder is now saved to Path: Conv2D_decoder_best_Gadi.pth

171 epochs have finished
Current training loss is  0.005085214920882208
Validation loss for this epoch is 0.0006267950614642359

172 epochs have finished
Current training loss is  0.005074554738484949
Validation loss for this epoch is 0.000616498904605578
Encoder is now saved to Path: Conv2D_encoder_best_Gadi.pth
Decoder is now saved to Path: Conv2D_decoder_best_Gadi.pth

173 epochs have finished
Current training loss is  0.0050689822973595255
Validation loss for this epoch is 0.0006433453260683564

174 epochs have finished
Current training loss is  0.005057986756838773
Validation loss for this epoch is 0.0006150118428536189
Encoder is now saved to Path: Conv2D_encoder_best_Gadi.pth
Decoder is now saved to Path: Conv2D_decoder_best_Gadi.pth

175 epochs have finished
Current training loss is  0.005051350444318814
Validation loss for this epoch is 0.0007164802672718906

176 epochs have finished
Current training loss is  0.005043649074366385
Validation loss for this epoch is 0.0006323454728089928

177 epochs have finished
Current training loss is  0.005035900125335502
Validation loss for this epoch is 0.0006261644884943962

178 epochs have finished
Current training loss is  0.005029880752317695
Validation loss for this epoch is 0.0006113418959898809
Encoder is now saved to Path: Conv2D_encoder_best_Gadi.pth
Decoder is now saved to Path: Conv2D_decoder_best_Gadi.pth

179 epochs have finished
Current training loss is  0.005019920621862184
Validation loss for this epoch is 0.0006103731021767089
Encoder is now saved to Path: Conv2D_encoder_best_Gadi.pth
Decoder is now saved to Path: Conv2D_decoder_best_Gadi.pth

180 epochs have finished
Current training loss is  0.005014048950329197
Validation loss for this epoch is 0.0006185589483607146

181 epochs have finished
Current training loss is  0.00500591841040432
Validation loss for this epoch is 0.0006138471719054905

182 epochs have finished
Current training loss is  0.004999647832050869
Validation loss for this epoch is 0.0006074114310195
Encoder is now saved to Path: Conv2D_encoder_best_Gadi.pth
Decoder is now saved to Path: Conv2D_decoder_best_Gadi.pth

183 epochs have finished
Current training loss is  0.0049919589668547815
Validation loss for this epoch is 0.0006069761885783009
Encoder is now saved to Path: Conv2D_encoder_best_Gadi.pth
Decoder is now saved to Path: Conv2D_decoder_best_Gadi.pth

184 epochs have finished
Current training loss is  0.004982755770583935
Validation loss for this epoch is 0.0006056606404740705
Encoder is now saved to Path: Conv2D_encoder_best_Gadi.pth
Decoder is now saved to Path: Conv2D_decoder_best_Gadi.pth

185 epochs have finished
Current training loss is  0.004979035877965998
Validation loss for this epoch is 0.0006143562890201792

186 epochs have finished
Current training loss is  0.004970081416331595
Validation loss for this epoch is 0.0006108566894909018

187 epochs have finished
Current training loss is  0.004963542490145301
Validation loss for this epoch is 0.0006196687215265229

188 epochs have finished
Current training loss is  0.004957426695398226
Validation loss for this epoch is 0.0006188373175746165

189 epochs have finished
Current training loss is  0.004951128590221288
Validation loss for this epoch is 0.0006462535640707756

190 epochs have finished
Current training loss is  0.004945211194240073
Validation loss for this epoch is 0.0006043812439884277
Encoder is now saved to Path: Conv2D_encoder_best_Gadi.pth
Decoder is now saved to Path: Conv2D_decoder_best_Gadi.pth

191 epochs have finished
Current training loss is  0.004935580639028103
Validation loss for this epoch is 0.0006075273755641319

192 epochs have finished
Current training loss is  0.004931777498995871
Validation loss for this epoch is 0.0005986735911847063
Encoder is now saved to Path: Conv2D_encoder_best_Gadi.pth
Decoder is now saved to Path: Conv2D_decoder_best_Gadi.pth

193 epochs have finished
Current training loss is  0.004925730074774037
Validation loss for this epoch is 0.0005994257859924801

194 epochs have finished
Current training loss is  0.004919220027261417
Validation loss for this epoch is 0.0005981803836903055
Encoder is now saved to Path: Conv2D_encoder_best_Gadi.pth
Decoder is now saved to Path: Conv2D_decoder_best_Gadi.pth

195 epochs have finished
Current training loss is  0.00491187072844923
Validation loss for this epoch is 0.0006044245018870242

196 epochs have finished
Current training loss is  0.004905442851310227
Validation loss for this epoch is 0.000605273724147537

197 epochs have finished
Current training loss is  0.004899957444536085
Validation loss for this epoch is 0.0005950877317104641
Encoder is now saved to Path: Conv2D_encoder_best_Gadi.pth
Decoder is now saved to Path: Conv2D_decoder_best_Gadi.pth

198 epochs have finished
Current training loss is  0.004896396762717359
Validation loss for this epoch is 0.0005952104473294639

199 epochs have finished
Current training loss is  0.00488980424768215
Validation loss for this epoch is 0.0005966532960997029

200 epochs have finished
Current training loss is  0.004881811416908022
Validation loss for this epoch is 0.0005950590328325234
Encoder is now saved to Path: Conv2D_encoder_best_Gadi.pth
Decoder is now saved to Path: Conv2D_decoder_best_Gadi.pth

Training Finished
Best model has a validation loss of 0.0005950590328325234 and it's in epoch 200
Training Data saved! The path is ConvAE_trainingData_Gadi.txt
