Current device is  cuda
Encoder and Decoder loaded!
1 epochs have finished
Current training loss is  2.5840475048462395
Validation loss for this epoch is 0.031814129411941394
Validation Accuracy for this epoch is 100
This model is now saved to Path: latent_space_model_best_Gadi.pth

2 epochs have finished
Current training loss is  0.20208830363117158
Validation loss for this epoch is 0.01843967982858885
Validation Accuracy for this epoch is 100
This model is now saved to Path: latent_space_model_best_Gadi.pth

3 epochs have finished
Current training loss is  0.12821713303856086
Validation loss for this epoch is 0.013069231397821568
Validation Accuracy for this epoch is 100
This model is now saved to Path: latent_space_model_best_Gadi.pth

4 epochs have finished
Current training loss is  0.09460151669190964
Validation loss for this epoch is 0.010065360758744646
Validation Accuracy for this epoch is 100
This model is now saved to Path: latent_space_model_best_Gadi.pth

5 epochs have finished
Current training loss is  0.07414815136871766
Validation loss for this epoch is 0.008254623709945008
Validation Accuracy for this epoch is 100
This model is now saved to Path: latent_space_model_best_Gadi.pth

6 epochs have finished
Current training loss is  0.062152470512955915
Validation loss for this epoch is 0.007512451047659852
Validation Accuracy for this epoch is 100
This model is now saved to Path: latent_space_model_best_Gadi.pth

7 epochs have finished
Current training loss is  0.05284275230951607
Validation loss for this epoch is 0.006446643426897936
Validation Accuracy for this epoch is 100
This model is now saved to Path: latent_space_model_best_Gadi.pth

8 epochs have finished
Current training loss is  0.048181359918089584
Validation loss for this epoch is 0.005914416746236384
Validation Accuracy for this epoch is 100
This model is now saved to Path: latent_space_model_best_Gadi.pth

9 epochs have finished
Current training loss is  0.04508897846972104
Validation loss for this epoch is 0.005416640618932433
Validation Accuracy for this epoch is 100
This model is now saved to Path: latent_space_model_best_Gadi.pth

10 epochs have finished
Current training loss is  0.03982040868868353
Validation loss for this epoch is 0.004920619172480656
Validation Accuracy for this epoch is 100
This model is now saved to Path: latent_space_model_best_Gadi.pth

11 epochs have finished
Current training loss is  0.038176431433385005
Validation loss for this epoch is 0.00420741793277557
Validation Accuracy for this epoch is 100
This model is now saved to Path: latent_space_model_best_Gadi.pth

12 epochs have finished
Current training loss is  0.03680570908909431
Validation loss for this epoch is 0.004371509599877754
Validation Accuracy for this epoch is 100

13 epochs have finished
Current training loss is  0.0323734048724873
Validation loss for this epoch is 0.0034971805653185584
Validation Accuracy for this epoch is 100
This model is now saved to Path: latent_space_model_best_Gadi.pth

14 epochs have finished
Current training loss is  0.03048406016023364
Validation loss for this epoch is 0.0031061358786246274
Validation Accuracy for this epoch is 100
This model is now saved to Path: latent_space_model_best_Gadi.pth

15 epochs have finished
Current training loss is  0.02979103314646636
Validation loss for this epoch is 0.0042685685330070555
Validation Accuracy for this epoch is 100

16 epochs have finished
Current training loss is  0.027333305184583878
Validation loss for this epoch is 0.003624245735409204
Validation Accuracy for this epoch is 100

17 epochs have finished
Current training loss is  0.027840679667860968
Validation loss for this epoch is 0.0028980599345231894
Validation Accuracy for this epoch is 100
This model is now saved to Path: latent_space_model_best_Gadi.pth

18 epochs have finished
Current training loss is  0.02739563601426198
Validation loss for this epoch is 0.0030192016311048064
Validation Accuracy for this epoch is 100

19 epochs have finished
Current training loss is  0.023705949577561114
Validation loss for this epoch is 0.0033727198533597402
Validation Accuracy for this epoch is 100

20 epochs have finished
Current training loss is  0.022794489308580523
Validation loss for this epoch is 0.002441264497974771
Validation Accuracy for this epoch is 100
This model is now saved to Path: latent_space_model_best_Gadi.pth

21 epochs have finished
Current training loss is  0.02295067902014125
Validation loss for this epoch is 0.004908695242193062
Validation Accuracy for this epoch is 100

22 epochs have finished
Current training loss is  0.02141852788918186
Validation loss for this epoch is 0.002928819529188331
Validation Accuracy for this epoch is 100

23 epochs have finished
Current training loss is  0.020428411746252095
Validation loss for this epoch is 0.0033968283532885835
Validation Accuracy for this epoch is 100

24 epochs have finished
Current training loss is  0.020537887332466198
Validation loss for this epoch is 0.002184103399486048
Validation Accuracy for this epoch is 100
This model is now saved to Path: latent_space_model_best_Gadi.pth

25 epochs have finished
Current training loss is  0.02156168033616268
Validation loss for this epoch is 0.0021408919401437743
Validation Accuracy for this epoch is 100
This model is now saved to Path: latent_space_model_best_Gadi.pth

26 epochs have finished
Current training loss is  0.017139464398496784
Validation loss for this epoch is 0.0021779751496069366
Validation Accuracy for this epoch is 100

27 epochs have finished
Current training loss is  0.01843087222368922
Validation loss for this epoch is 0.0022957959736231714
Validation Accuracy for this epoch is 100

28 epochs have finished
Current training loss is  0.018034686532701016
Validation loss for this epoch is 0.0034824889844458085
Validation Accuracy for this epoch is 100

29 epochs have finished
Current training loss is  0.02073726069284021
Validation loss for this epoch is 0.0031903841518214904
Validation Accuracy for this epoch is 100

30 epochs have finished
Current training loss is  0.014963943989641848
Validation loss for this epoch is 0.00222194979141932
Validation Accuracy for this epoch is 100

31 epochs have finished
Current training loss is  0.015606547645802493
Validation loss for this epoch is 0.001707936291495571
Validation Accuracy for this epoch is 100
This model is now saved to Path: latent_space_model_best_Gadi.pth

32 epochs have finished
Current training loss is  0.015483486338780494
Validation loss for this epoch is 0.0022120040775917005
Validation Accuracy for this epoch is 100

33 epochs have finished
Current training loss is  0.015273824816176784
Validation loss for this epoch is 0.001620484905288322
Validation Accuracy for this epoch is 100
This model is now saved to Path: latent_space_model_best_Gadi.pth

34 epochs have finished
Current training loss is  0.014422502490560873
Validation loss for this epoch is 0.0019686716404976323
Validation Accuracy for this epoch is 100

35 epochs have finished
Current training loss is  0.014501283614663407
Validation loss for this epoch is 0.0018346653814660385
Validation Accuracy for this epoch is 100

36 epochs have finished
Current training loss is  0.013962196078864508
Validation loss for this epoch is 0.0014611466158385156
Validation Accuracy for this epoch is 100
This model is now saved to Path: latent_space_model_best_Gadi.pth

37 epochs have finished
Current training loss is  0.01592766385692812
Validation loss for this epoch is 0.0016673972058924846
Validation Accuracy for this epoch is 100

38 epochs have finished
Current training loss is  0.011460033831099281
Validation loss for this epoch is 0.0016306788820656948
Validation Accuracy for this epoch is 100

39 epochs have finished
Current training loss is  0.01395253355622117
Validation loss for this epoch is 0.00179341819966794
Validation Accuracy for this epoch is 100

40 epochs have finished
Current training loss is  0.012390410873194924
Validation loss for this epoch is 0.0014886743701936211
Validation Accuracy for this epoch is 100

41 epochs have finished
Current training loss is  0.013232944011178915
Validation loss for this epoch is 0.0015565417197649367
Validation Accuracy for this epoch is 100

42 epochs have finished
Current training loss is  0.011043813098694955
Validation loss for this epoch is 0.0012930019038321916
Validation Accuracy for this epoch is 100
This model is now saved to Path: latent_space_model_best_Gadi.pth

43 epochs have finished
Current training loss is  0.013535956328269094
Validation loss for this epoch is 0.0012137061221437762
Validation Accuracy for this epoch is 100
This model is now saved to Path: latent_space_model_best_Gadi.pth

44 epochs have finished
Current training loss is  0.01093201357707585
Validation loss for this epoch is 0.0014547474929713644
Validation Accuracy for this epoch is 100

45 epochs have finished
Current training loss is  0.012019704452541191
Validation loss for this epoch is 0.0014559305818693247
Validation Accuracy for this epoch is 100

46 epochs have finished
Current training loss is  0.010953847629934899
Validation loss for this epoch is 0.0013055945109954337
Validation Accuracy for this epoch is 100

47 epochs have finished
Current training loss is  0.047129631968346075
Validation loss for this epoch is 0.0011695156335918
Validation Accuracy for this epoch is 100
This model is now saved to Path: latent_space_model_best_Gadi.pth

48 epochs have finished
Current training loss is  0.008121409801788104
Validation loss for this epoch is 0.0009487361239735037
Validation Accuracy for this epoch is 100
This model is now saved to Path: latent_space_model_best_Gadi.pth

49 epochs have finished
Current training loss is  0.007336813312576851
Validation loss for this epoch is 0.000902718261386326
Validation Accuracy for this epoch is 100
This model is now saved to Path: latent_space_model_best_Gadi.pth

50 epochs have finished
Current training loss is  0.007683612259825168
Validation loss for this epoch is 0.0010762956089820364
Validation Accuracy for this epoch is 100

51 epochs have finished
Current training loss is  0.0085058669828868
Validation loss for this epoch is 0.0010516525981074665
Validation Accuracy for this epoch is 100

52 epochs have finished
Current training loss is  0.008824845240269497
Validation loss for this epoch is 0.0011617710879363585
Validation Accuracy for this epoch is 100

53 epochs have finished
Current training loss is  0.009951990102308628
Validation loss for this epoch is 0.001253197920959792
Validation Accuracy for this epoch is 100

54 epochs have finished
Current training loss is  0.009152195229944482
Validation loss for this epoch is 0.0012328454795351718
Validation Accuracy for this epoch is 100

55 epochs have finished
Current training loss is  0.009958372257642623
Validation loss for this epoch is 0.0021605731435556663
Validation Accuracy for this epoch is 100

56 epochs have finished
Current training loss is  0.009908978892781306
Validation loss for this epoch is 0.001019379114950425
Validation Accuracy for this epoch is 100

57 epochs have finished
Current training loss is  0.010467168075592781
Validation loss for this epoch is 0.000977622340542439
Validation Accuracy for this epoch is 100

58 epochs have finished
Current training loss is  0.010243985733723093
Validation loss for this epoch is 0.0010776273293231498
Validation Accuracy for this epoch is 100

59 epochs have finished
Current training loss is  0.008315251293424808
Validation loss for this epoch is 0.0011675584173644893
Validation Accuracy for this epoch is 100

60 epochs have finished
Current training loss is  0.009731883810673025
Validation loss for this epoch is 0.0011181780673723551
Validation Accuracy for this epoch is 100

61 epochs have finished
Current training loss is  0.008506520242008264
Validation loss for this epoch is 0.0013777852800558321
Validation Accuracy for this epoch is 100

62 epochs have finished
Current training loss is  0.010694064663766767
Validation loss for this epoch is 0.000988148715805437
Validation Accuracy for this epoch is 100

63 epochs have finished
Current training loss is  0.009121328224864556
Validation loss for this epoch is 0.000967977710388368
Validation Accuracy for this epoch is 100

64 epochs have finished
Current training loss is  0.008165397706761723
Validation loss for this epoch is 0.0010513037886994425
Validation Accuracy for this epoch is 100

65 epochs have finished
Current training loss is  0.010007217952079372
Validation loss for this epoch is 0.0008864888859534403
Validation Accuracy for this epoch is 100
This model is now saved to Path: latent_space_model_best_Gadi.pth

66 epochs have finished
Current training loss is  0.007596586709951225
Validation loss for this epoch is 0.0010019372266469873
Validation Accuracy for this epoch is 100

67 epochs have finished
Current training loss is  0.009661482142291788
Validation loss for this epoch is 0.0009585724028511322
Validation Accuracy for this epoch is 100

68 epochs have finished
Current training loss is  0.008263127022473782
Validation loss for this epoch is 0.0009032457401190186
Validation Accuracy for this epoch is 100

69 epochs have finished
Current training loss is  0.008193535006284947
Validation loss for this epoch is 0.001198224201289122
Validation Accuracy for this epoch is 100

70 epochs have finished
Current training loss is  0.03730876741337852
Validation loss for this epoch is 0.0007361006064456888
Validation Accuracy for this epoch is 100
This model is now saved to Path: latent_space_model_best_Gadi.pth

71 epochs have finished
Current training loss is  0.005321103920323367
Validation loss for this epoch is 0.0006641598965870799
Validation Accuracy for this epoch is 100
This model is now saved to Path: latent_space_model_best_Gadi.pth

72 epochs have finished
Current training loss is  0.005078175527160056
Validation loss for this epoch is 0.0006541569773617084
Validation Accuracy for this epoch is 100
This model is now saved to Path: latent_space_model_best_Gadi.pth

73 epochs have finished
Current training loss is  0.005354123639335739
Validation loss for this epoch is 0.0007396819719360792
Validation Accuracy for this epoch is 100

74 epochs have finished
Current training loss is  0.006263518806008506
Validation loss for this epoch is 0.000780527990173141
Validation Accuracy for this epoch is 100

75 epochs have finished
Current training loss is  0.006512230298540089
Validation loss for this epoch is 0.0008091951485766913
Validation Accuracy for this epoch is 100

76 epochs have finished
Current training loss is  0.007075617091686581
Validation loss for this epoch is 0.0008468641462968662
Validation Accuracy for this epoch is 100

77 epochs have finished
Current training loss is  0.007121787106370903
Validation loss for this epoch is 0.0008156474259521929
Validation Accuracy for this epoch is 100

78 epochs have finished
Current training loss is  0.007243801745062228
Validation loss for this epoch is 0.0009308359931310406
Validation Accuracy for this epoch is 100

79 epochs have finished
Current training loss is  0.008254596285951266
Validation loss for this epoch is 0.0010023882323366706
Validation Accuracy for this epoch is 100

80 epochs have finished
Current training loss is  0.007344685813222895
Validation loss for this epoch is 0.0007875649844208965
Validation Accuracy for this epoch is 100

81 epochs have finished
Current training loss is  0.006673672455690394
Validation loss for this epoch is 0.0008732195046832203
Validation Accuracy for this epoch is 100

82 epochs have finished
Current training loss is  0.00788212374845898
Validation loss for this epoch is 0.0012224027723277686
Validation Accuracy for this epoch is 100

83 epochs have finished
Current training loss is  0.006768817982447217
Validation loss for this epoch is 0.0008197065380954882
Validation Accuracy for this epoch is 100

84 epochs have finished
Current training loss is  0.007473178434338479
Validation loss for this epoch is 0.0008570048121328
Validation Accuracy for this epoch is 100

85 epochs have finished
Current training loss is  0.007212035989141441
Validation loss for this epoch is 0.0010070108883155626
Validation Accuracy for this epoch is 100

86 epochs have finished
Current training loss is  0.0071198431878656265
Validation loss for this epoch is 0.0008956680421761121
Validation Accuracy for this epoch is 100

87 epochs have finished
Current training loss is  0.007905882527666108
Validation loss for this epoch is 0.0011807430119006312
Validation Accuracy for this epoch is 100

88 epochs have finished
Current training loss is  0.006646765287769085
Validation loss for this epoch is 0.0008713089473530999
Validation Accuracy for this epoch is 100

89 epochs have finished
Current training loss is  0.006540401416714303
Validation loss for this epoch is 0.0006893719537401921
Validation Accuracy for this epoch is 100

90 epochs have finished
Current training loss is  0.006681031950392935
Validation loss for this epoch is 0.0007782983948345645
Validation Accuracy for this epoch is 100

91 epochs have finished
Current training loss is  0.006926298964572197
Validation loss for this epoch is 0.0008832634039208642
Validation Accuracy for this epoch is 100

92 epochs have finished
Current training loss is  0.006565771208443039
Validation loss for this epoch is 0.0008258706557171536
Validation Accuracy for this epoch is 100

93 epochs have finished
Current training loss is  0.006786866030779493
Validation loss for this epoch is 0.000854252169119718
Validation Accuracy for this epoch is 100

94 epochs have finished
Current training loss is  0.005956018897450122
Validation loss for this epoch is 0.00099162455444457
Validation Accuracy for this epoch is 100

95 epochs have finished
Current training loss is  0.006501206832581374
Validation loss for this epoch is 0.0007006227378951735
Validation Accuracy for this epoch is 100

96 epochs have finished
Current training loss is  0.006192174369061831
Validation loss for this epoch is 0.0010567074314167257
Validation Accuracy for this epoch is 100

97 epochs have finished
Current training loss is  0.007052908436889993
Validation loss for this epoch is 0.0008048729469010141
Validation Accuracy for this epoch is 100

98 epochs have finished
Current training loss is  0.005709842350370309
Validation loss for this epoch is 0.0006972750770728453
Validation Accuracy for this epoch is 100

99 epochs have finished
Current training loss is  0.006284794689236151
Validation loss for this epoch is 0.0007131582342481124
Validation Accuracy for this epoch is 100

100 epochs have finished
Current training loss is  0.006097868506003579
Validation loss for this epoch is 0.0010296215341440984
Validation Accuracy for this epoch is 100

101 epochs have finished
Current training loss is  0.006507406832497509
Validation loss for this epoch is 0.0006917423806953593
Validation Accuracy for this epoch is 100

102 epochs have finished
Current training loss is  0.006095450474276731
Validation loss for this epoch is 0.0007533089328717324
Validation Accuracy for this epoch is 100

103 epochs have finished
Current training loss is  0.00551112659923092
Validation loss for this epoch is 0.0010181686129726586
Validation Accuracy for this epoch is 100

104 epochs have finished
Current training loss is  0.006101392249547644
Validation loss for this epoch is 0.000768711140153755
Validation Accuracy for this epoch is 100

105 epochs have finished
Current training loss is  0.006019552190082322
Validation loss for this epoch is 0.0008312658719660249
Validation Accuracy for this epoch is 100

106 epochs have finished
Current training loss is  0.005408422999153117
Validation loss for this epoch is 0.0007639751784154214
Validation Accuracy for this epoch is 100

107 epochs have finished
Current training loss is  0.005753137036663247
Validation loss for this epoch is 0.0008038840378503664
Validation Accuracy for this epoch is 100

108 epochs have finished
Current training loss is  0.005618636973849789
Validation loss for this epoch is 0.0006303508798737312
Validation Accuracy for this epoch is 100
This model is now saved to Path: latent_space_model_best_Gadi.pth

109 epochs have finished
Current training loss is  0.0057749355719352025
Validation loss for this epoch is 0.00055106919762693
Validation Accuracy for this epoch is 100
This model is now saved to Path: latent_space_model_best_Gadi.pth

110 epochs have finished
Current training loss is  0.005296075092701358
Validation loss for this epoch is 0.0006163294883663184
Validation Accuracy for this epoch is 100

111 epochs have finished
Current training loss is  0.006031630083271011
Validation loss for this epoch is 0.0006991736308918917
Validation Accuracy for this epoch is 100

112 epochs have finished
Current training loss is  0.005315075840371719
Validation loss for this epoch is 0.0005938934850746591
Validation Accuracy for this epoch is 100

113 epochs have finished
Current training loss is  0.005541199832350685
Validation loss for this epoch is 0.0006215525081643136
Validation Accuracy for this epoch is 100

114 epochs have finished
Current training loss is  0.006315371168057027
Validation loss for this epoch is 0.0006388210485965828
Validation Accuracy for this epoch is 100

115 epochs have finished
Current training loss is  0.004780121242674795
Validation loss for this epoch is 0.0008038290316108032
Validation Accuracy for this epoch is 100

116 epochs have finished
Current training loss is  0.005145768656802829
Validation loss for this epoch is 0.0005688469559572695
Validation Accuracy for this epoch is 100

117 epochs have finished
Current training loss is  0.005285438367536699
Validation loss for this epoch is 0.0007480873919121223
Validation Accuracy for this epoch is 100

118 epochs have finished
Current training loss is  0.0052166354103064805
Validation loss for this epoch is 0.0006524089340018691
Validation Accuracy for this epoch is 100

119 epochs have finished
Current training loss is  0.005496459646110452
Validation loss for this epoch is 0.0005700276224160916
Validation Accuracy for this epoch is 100

120 epochs have finished
Current training loss is  0.004763829323110258
Validation loss for this epoch is 0.0005713449531867809
Validation Accuracy for this epoch is 100

121 epochs have finished
Current training loss is  0.005272635786241153
Validation loss for this epoch is 0.0005546325710383826
Validation Accuracy for this epoch is 100

122 epochs have finished
Current training loss is  0.004953541055783717
Validation loss for this epoch is 0.0007300342304006335
Validation Accuracy for this epoch is 100

123 epochs have finished
Current training loss is  0.0051704846637221635
Validation loss for this epoch is 0.0006241599139684695
Validation Accuracy for this epoch is 100

124 epochs have finished
Current training loss is  0.005310623793775449
Validation loss for this epoch is 0.0005664895725203678
Validation Accuracy for this epoch is 100

125 epochs have finished
Current training loss is  0.004871704334163951
Validation loss for this epoch is 0.0006177866753205308
Validation Accuracy for this epoch is 100

126 epochs have finished
Current training loss is  0.004832827607060608
Validation loss for this epoch is 0.0006337325066851918
Validation Accuracy for this epoch is 100

127 epochs have finished
Current training loss is  0.005215037986090465
Validation loss for this epoch is 0.0005429915709100896
Validation Accuracy for this epoch is 100
This model is now saved to Path: latent_space_model_best_Gadi.pth

128 epochs have finished
Current training loss is  0.00478143087866556
Validation loss for this epoch is 0.0006893482259329176
Validation Accuracy for this epoch is 100

129 epochs have finished
Current training loss is  0.0048959753471535805
Validation loss for this epoch is 0.0006465770602517296
Validation Accuracy for this epoch is 100

130 epochs have finished
Current training loss is  0.004793793778389954
Validation loss for this epoch is 0.0006738959627909935
Validation Accuracy for this epoch is 100

131 epochs have finished
Current training loss is  0.004643717666112934
Validation loss for this epoch is 0.0006584098500752589
Validation Accuracy for this epoch is 100

132 epochs have finished
Current training loss is  0.004893094623184879
Validation loss for this epoch is 0.0006283874618020491
Validation Accuracy for this epoch is 100

133 epochs have finished
Current training loss is  0.004608646014730766
Validation loss for this epoch is 0.00045725746986136073
Validation Accuracy for this epoch is 100
This model is now saved to Path: latent_space_model_best_Gadi.pth

134 epochs have finished
Current training loss is  0.004599135492753703
Validation loss for this epoch is 0.0005096201271044265
Validation Accuracy for this epoch is 100

135 epochs have finished
Current training loss is  0.004765020994909719
Validation loss for this epoch is 0.0006434995348172379
Validation Accuracy for this epoch is 100

136 epochs have finished
Current training loss is  0.004433905309269903
Validation loss for this epoch is 0.0007344659325099201
Validation Accuracy for this epoch is 100

137 epochs have finished
Current training loss is  0.004557199268674594
Validation loss for this epoch is 0.0005097654207020241
Validation Accuracy for this epoch is 100

138 epochs have finished
Current training loss is  0.0047675800351498765
Validation loss for this epoch is 0.000496172624934843
Validation Accuracy for this epoch is 100

139 epochs have finished
Current training loss is  0.004791031172317162
Validation loss for this epoch is 0.00046773767962804413
Validation Accuracy for this epoch is 100

140 epochs have finished
Current training loss is  0.004120211072404345
Validation loss for this epoch is 0.0006359345115924953
Validation Accuracy for this epoch is 100

141 epochs have finished
Current training loss is  0.00460112571818172
Validation loss for this epoch is 0.0006191388729348546
Validation Accuracy for this epoch is 100

142 epochs have finished
Current training loss is  0.004833854732169129
Validation loss for this epoch is 0.0008574334551667562
Validation Accuracy for this epoch is 100

143 epochs have finished
Current training loss is  0.004216233013266901
Validation loss for this epoch is 0.0005019992872803414
Validation Accuracy for this epoch is 100

144 epochs have finished
Current training loss is  0.004198205070224503
Validation loss for this epoch is 0.0004389926639305486
Validation Accuracy for this epoch is 100
This model is now saved to Path: latent_space_model_best_Gadi.pth

145 epochs have finished
Current training loss is  0.0042826636213249
Validation loss for this epoch is 0.0008810802510197391
Validation Accuracy for this epoch is 100

146 epochs have finished
Current training loss is  0.004421484667091136
Validation loss for this epoch is 0.0008086465613814653
Validation Accuracy for this epoch is 100

147 epochs have finished
Current training loss is  0.00432370641738089
Validation loss for this epoch is 0.000607458546255657
Validation Accuracy for this epoch is 100

148 epochs have finished
Current training loss is  0.004247171427323337
Validation loss for this epoch is 0.000553738569124107
Validation Accuracy for this epoch is 100

149 epochs have finished
Current training loss is  0.00438106047522524
Validation loss for this epoch is 0.0005650653984048404
Validation Accuracy for this epoch is 100

150 epochs have finished
Current training loss is  0.004158610523063544
Validation loss for this epoch is 0.0004488563790800981
Validation Accuracy for this epoch is 100

151 epochs have finished
Current training loss is  0.004208693233977101
Validation loss for this epoch is 0.0004431854836184357
Validation Accuracy for this epoch is 100

152 epochs have finished
Current training loss is  0.0041386328744010825
Validation loss for this epoch is 0.00044858486671728315
Validation Accuracy for this epoch is 100

153 epochs have finished
Current training loss is  0.0038244505021793884
Validation loss for this epoch is 0.0005163736791473639
Validation Accuracy for this epoch is 100

154 epochs have finished
Current training loss is  0.004501591040934727
Validation loss for this epoch is 0.00048192202439167886
Validation Accuracy for this epoch is 100

155 epochs have finished
Current training loss is  0.0043435592865535
Validation loss for this epoch is 0.0006006833991705207
Validation Accuracy for this epoch is 100

156 epochs have finished
Current training loss is  0.003814919591150101
Validation loss for this epoch is 0.0004521003211266361
Validation Accuracy for this epoch is 100

157 epochs have finished
Current training loss is  0.00415827454526152
Validation loss for this epoch is 0.0005215698256506585
Validation Accuracy for this epoch is 100

158 epochs have finished
Current training loss is  0.00371376712610072
Validation loss for this epoch is 0.00048263988173857797
Validation Accuracy for this epoch is 100

159 epochs have finished
Current training loss is  0.004038319248593325
Validation loss for this epoch is 0.00045284336374606937
Validation Accuracy for this epoch is 100

160 epochs have finished
Current training loss is  0.0046397713763326465
Validation loss for this epoch is 0.0005591814810941287
Validation Accuracy for this epoch is 100

161 epochs have finished
Current training loss is  0.003487524858883262
Validation loss for this epoch is 0.0004411461304698605
Validation Accuracy for this epoch is 100

162 epochs have finished
Current training loss is  0.004146979225879477
Validation loss for this epoch is 0.0005426352331596718
Validation Accuracy for this epoch is 100

163 epochs have finished
Current training loss is  0.0037690600370297034
Validation loss for this epoch is 0.00046245045950854546
Validation Accuracy for this epoch is 100

164 epochs have finished
Current training loss is  0.004060788389324443
Validation loss for this epoch is 0.0004359906333775143
Validation Accuracy for this epoch is 100
This model is now saved to Path: latent_space_model_best_Gadi.pth

165 epochs have finished
Current training loss is  0.0038153406435412762
Validation loss for this epoch is 0.0004501074786276149
Validation Accuracy for this epoch is 100

166 epochs have finished
Current training loss is  0.0038400963389904064
Validation loss for this epoch is 0.0004676523972193536
Validation Accuracy for this epoch is 100

167 epochs have finished
Current training loss is  0.0038183604719961295
Validation loss for this epoch is 0.00043971295053779613
Validation Accuracy for this epoch is 100

168 epochs have finished
Current training loss is  0.003871809463817044
Validation loss for this epoch is 0.00042074394468727405
Validation Accuracy for this epoch is 100
This model is now saved to Path: latent_space_model_best_Gadi.pth

169 epochs have finished
Current training loss is  0.0035763245314228698
Validation loss for this epoch is 0.00046537128400814254
Validation Accuracy for this epoch is 100

170 epochs have finished
Current training loss is  0.004015256952243362
Validation loss for this epoch is 0.00044800387286159093
Validation Accuracy for this epoch is 100

171 epochs have finished
Current training loss is  0.0037099397054589645
Validation loss for this epoch is 0.0004743462136502785
Validation Accuracy for this epoch is 100

172 epochs have finished
Current training loss is  0.0037035443124295853
Validation loss for this epoch is 0.0005127021363477979
Validation Accuracy for this epoch is 100

173 epochs have finished
Current training loss is  0.0041584797149880615
Validation loss for this epoch is 0.00039158011077233823
Validation Accuracy for this epoch is 100
This model is now saved to Path: latent_space_model_best_Gadi.pth

174 epochs have finished
Current training loss is  0.003651505913694564
Validation loss for this epoch is 0.0005145407644704392
Validation Accuracy for this epoch is 100

175 epochs have finished
Current training loss is  0.0035280162378512614
Validation loss for this epoch is 0.00046282291532406816
Validation Accuracy for this epoch is 100

176 epochs have finished
Current training loss is  0.003600231682867161
Validation loss for this epoch is 0.0004962230395904044
Validation Accuracy for this epoch is 100

177 epochs have finished
Current training loss is  0.0036921472697031277
Validation loss for this epoch is 0.0004186510172985436
Validation Accuracy for this epoch is 100

178 epochs have finished
Current training loss is  0.0034753855074995954
Validation loss for this epoch is 0.000488647564452549
Validation Accuracy for this epoch is 100

179 epochs have finished
Current training loss is  0.0040046085023277556
Validation loss for this epoch is 0.0003745788103515224
Validation Accuracy for this epoch is 100
This model is now saved to Path: latent_space_model_best_Gadi.pth

180 epochs have finished
Current training loss is  0.003533443973537942
Validation loss for this epoch is 0.0004180796427135647
Validation Accuracy for this epoch is 100

181 epochs have finished
Current training loss is  0.0036734769232680264
Validation loss for this epoch is 0.0003937775454687653
Validation Accuracy for this epoch is 100

182 epochs have finished
Current training loss is  0.0036430796162676415
Validation loss for this epoch is 0.0004485170838961494
Validation Accuracy for this epoch is 100

183 epochs have finished
Current training loss is  0.003598743649035896
Validation loss for this epoch is 0.0006086901857997873
Validation Accuracy for this epoch is 100

184 epochs have finished
Current training loss is  0.003377528656983486
Validation loss for this epoch is 0.0004220915106998291
Validation Accuracy for this epoch is 100

185 epochs have finished
Current training loss is  0.003302038474885194
Validation loss for this epoch is 0.00044750512915925356
Validation Accuracy for this epoch is 100

186 epochs have finished
Current training loss is  0.003468050635092368
Validation loss for this epoch is 0.0005585822254943196
Validation Accuracy for this epoch is 100

187 epochs have finished
Current training loss is  0.00358816722928168
Validation loss for this epoch is 0.0005479131614265498
Validation Accuracy for this epoch is 100

188 epochs have finished
Current training loss is  0.0036706654923364113
Validation loss for this epoch is 0.00040653578435012605
Validation Accuracy for this epoch is 100

189 epochs have finished
Current training loss is  0.003372540913915145
Validation loss for this epoch is 0.0003882544147018052
Validation Accuracy for this epoch is 100

190 epochs have finished
Current training loss is  0.0034444903940311633
Validation loss for this epoch is 0.0004088679734195466
Validation Accuracy for this epoch is 100

191 epochs have finished
Current training loss is  0.0034868944480876962
Validation loss for this epoch is 0.00039983551232580794
Validation Accuracy for this epoch is 100

192 epochs have finished
Current training loss is  0.003668702365757781
Validation loss for this epoch is 0.0004341872981967754
Validation Accuracy for this epoch is 100

193 epochs have finished
Current training loss is  0.0031079559789759514
Validation loss for this epoch is 0.00042741519519040594
Validation Accuracy for this epoch is 100

194 epochs have finished
Current training loss is  0.003411244537346647
Validation loss for this epoch is 0.0004893936052212666
Validation Accuracy for this epoch is 100

195 epochs have finished
Current training loss is  0.003428758874633786
Validation loss for this epoch is 0.0003763190043173381
Validation Accuracy for this epoch is 100

196 epochs have finished
Current training loss is  0.003216634430373233
Validation loss for this epoch is 0.0004912898830298218
Validation Accuracy for this epoch is 100

197 epochs have finished
Current training loss is  0.003114416653261287
Validation loss for this epoch is 0.0005208376255723124
Validation Accuracy for this epoch is 100

198 epochs have finished
Current training loss is  0.0034364788389211753
Validation loss for this epoch is 0.0005826145552418893
Validation Accuracy for this epoch is 100

199 epochs have finished
Current training loss is  0.0034229292609779804
Validation loss for this epoch is 0.00037176777459535515
Validation Accuracy for this epoch is 100
This model is now saved to Path: latent_space_model_best_Gadi.pth

200 epochs have finished
Current training loss is  0.0033032681799340935
Validation loss for this epoch is 0.0004301557719372795
Validation Accuracy for this epoch is 100

201 epochs have finished
Current training loss is  0.0032242566148852347
Validation loss for this epoch is 0.00032035379626904614
Validation Accuracy for this epoch is 100
This model is now saved to Path: latent_space_model_best_Gadi.pth

202 epochs have finished
Current training loss is  0.0033907549336618104
Validation loss for this epoch is 0.00041713837572388
Validation Accuracy for this epoch is 100

203 epochs have finished
Current training loss is  0.0031146760461524536
Validation loss for this epoch is 0.0003629382795224956
Validation Accuracy for this epoch is 100

204 epochs have finished
Current training loss is  0.0031535263337900687
Validation loss for this epoch is 0.0004366062748886179
Validation Accuracy for this epoch is 100

205 epochs have finished
Current training loss is  0.0034066420098497474
Validation loss for this epoch is 0.000395564405607729
Validation Accuracy for this epoch is 100

206 epochs have finished
Current training loss is  0.0031550508952022938
Validation loss for this epoch is 0.0003547007349880005
Validation Accuracy for this epoch is 100

207 epochs have finished
Current training loss is  0.0030226431040318857
Validation loss for this epoch is 0.0004282447666810185
Validation Accuracy for this epoch is 100

208 epochs have finished
Current training loss is  0.0033655605957392254
Validation loss for this epoch is 0.0004470267235774372
Validation Accuracy for this epoch is 100

209 epochs have finished
Current training loss is  0.003445678496518667
Validation loss for this epoch is 0.0005455917785184283
Validation Accuracy for this epoch is 100

210 epochs have finished
Current training loss is  0.0029819364121976832
Validation loss for this epoch is 0.0003603306026889186
Validation Accuracy for this epoch is 100

211 epochs have finished
Current training loss is  0.0029540832524617144
Validation loss for this epoch is 0.0004009247149951989
Validation Accuracy for this epoch is 100

212 epochs have finished
Current training loss is  0.0033310733547295968
Validation loss for this epoch is 0.00035699864884009
Validation Accuracy for this epoch is 100

213 epochs have finished
Current training loss is  0.00285337993000212
Validation loss for this epoch is 0.00045464096092473483
Validation Accuracy for this epoch is 100

214 epochs have finished
Current training loss is  0.002955511502477748
Validation loss for this epoch is 0.00038163674662428093
Validation Accuracy for this epoch is 100

215 epochs have finished
Current training loss is  0.003459296444816573
Validation loss for this epoch is 0.0003996618147539266
Validation Accuracy for this epoch is 100

216 epochs have finished
Current training loss is  0.0029542469223997614
Validation loss for this epoch is 0.00034148870463468484
Validation Accuracy for this epoch is 100

217 epochs have finished
Current training loss is  0.0030262025793490466
Validation loss for this epoch is 0.0003279610425579449
Validation Accuracy for this epoch is 100

218 epochs have finished
Current training loss is  0.0031457833965760074
Validation loss for this epoch is 0.00040590943945062463
Validation Accuracy for this epoch is 100

219 epochs have finished
Current training loss is  0.0029639807044077315
Validation loss for this epoch is 0.00041622857770562405
Validation Accuracy for this epoch is 100

220 epochs have finished
Current training loss is  0.0029160969261283753
Validation loss for this epoch is 0.000481117997878755
Validation Accuracy for this epoch is 100

221 epochs have finished
Current training loss is  0.003350700065084311
Validation loss for this epoch is 0.00030654627539661305
Validation Accuracy for this epoch is 100
This model is now saved to Path: latent_space_model_best_Gadi.pth

222 epochs have finished
Current training loss is  0.0028962726894405932
Validation loss for this epoch is 0.00043746408800870995
Validation Accuracy for this epoch is 100

223 epochs have finished
Current training loss is  0.0028828035567585175
Validation loss for this epoch is 0.0005272505454740894
Validation Accuracy for this epoch is 100

224 epochs have finished
Current training loss is  0.003153103727981943
Validation loss for this epoch is 0.00032270944666379364
Validation Accuracy for this epoch is 100

225 epochs have finished
Current training loss is  0.002981299230214063
Validation loss for this epoch is 0.000359206547273061
Validation Accuracy for this epoch is 100

226 epochs have finished
Current training loss is  0.002975762210553512
Validation loss for this epoch is 0.000393596914364025
Validation Accuracy for this epoch is 100

227 epochs have finished
Current training loss is  0.0030047771779209143
Validation loss for this epoch is 0.00029487724100363266
Validation Accuracy for this epoch is 100
This model is now saved to Path: latent_space_model_best_Gadi.pth

228 epochs have finished
Current training loss is  0.002913727675604605
Validation loss for this epoch is 0.0003909351266884187
Validation Accuracy for this epoch is 100

229 epochs have finished
Current training loss is  0.0029222177854535403
Validation loss for this epoch is 0.00040447129595122533
Validation Accuracy for this epoch is 100

230 epochs have finished
Current training loss is  0.0029756612866549403
Validation loss for this epoch is 0.00036106115203438094
Validation Accuracy for this epoch is 100

231 epochs have finished
Current training loss is  0.002734854238497064
Validation loss for this epoch is 0.0003479471561149694
Validation Accuracy for this epoch is 100

232 epochs have finished
Current training loss is  0.0029686777543247445
Validation loss for this epoch is 0.0003414609709579963
Validation Accuracy for this epoch is 100

233 epochs have finished
Current training loss is  0.002863686311229685
Validation loss for this epoch is 0.00032296991912517115
Validation Accuracy for this epoch is 100

234 epochs have finished
Current training loss is  0.002843955595380976
Validation loss for this epoch is 0.0003464978931333462
Validation Accuracy for this epoch is 100

235 epochs have finished
Current training loss is  0.003041359341750649
Validation loss for this epoch is 0.000346219975654094
Validation Accuracy for this epoch is 100

236 epochs have finished
Current training loss is  0.0028220365509241674
Validation loss for this epoch is 0.0003598563844207092
Validation Accuracy for this epoch is 100

237 epochs have finished
Current training loss is  0.0027657528007694054
Validation loss for this epoch is 0.000340042247898964
Validation Accuracy for this epoch is 100

238 epochs have finished
Current training loss is  0.002742189079299351
Validation loss for this epoch is 0.00043124211424583336
Validation Accuracy for this epoch is 100

239 epochs have finished
Current training loss is  0.002912962496338878
Validation loss for this epoch is 0.00042343395625721314
Validation Accuracy for this epoch is 100

240 epochs have finished
Current training loss is  0.002726784399328608
Validation loss for this epoch is 0.000350477576830599
Validation Accuracy for this epoch is 100

241 epochs have finished
Current training loss is  0.0027668891762004932
Validation loss for this epoch is 0.0004899282439509989
Validation Accuracy for this epoch is 100

242 epochs have finished
Current training loss is  0.0028830171313529718
Validation loss for this epoch is 0.00041143077260130667
Validation Accuracy for this epoch is 100

243 epochs have finished
Current training loss is  0.0028436483494260756
Validation loss for this epoch is 0.00037180049730523024
Validation Accuracy for this epoch is 100

244 epochs have finished
Current training loss is  0.0027465022267278982
Validation loss for this epoch is 0.0003366494397596398
Validation Accuracy for this epoch is 100

245 epochs have finished
Current training loss is  0.0027997333718303707
Validation loss for this epoch is 0.0003139157406621962
Validation Accuracy for this epoch is 100

246 epochs have finished
Current training loss is  0.0028542147861116973
Validation loss for this epoch is 0.00035459865193843143
Validation Accuracy for this epoch is 100

247 epochs have finished
Current training loss is  0.0026171717483975954
Validation loss for this epoch is 0.000366888964890677
Validation Accuracy for this epoch is 100

248 epochs have finished
Current training loss is  0.002780751386353586
Validation loss for this epoch is 0.00029276430313984747
Validation Accuracy for this epoch is 100
This model is now saved to Path: latent_space_model_best_Gadi.pth

249 epochs have finished
Current training loss is  0.0027962104818470834
Validation loss for this epoch is 0.00041670313476060983
Validation Accuracy for this epoch is 100

250 epochs have finished
Current training loss is  0.0025787585268517432
Validation loss for this epoch is 0.00036872559394396376
Validation Accuracy for this epoch is 100

251 epochs have finished
Current training loss is  0.0026695714298057283
Validation loss for this epoch is 0.0003743352208402939
Validation Accuracy for this epoch is 100

252 epochs have finished
Current training loss is  0.0028010152291244594
Validation loss for this epoch is 0.00030222203190533037
Validation Accuracy for this epoch is 100

253 epochs have finished
Current training loss is  0.002833536040270701
Validation loss for this epoch is 0.000317344273753406
Validation Accuracy for this epoch is 100

254 epochs have finished
Current training loss is  0.002642911775637913
Validation loss for this epoch is 0.0003556301303433429
Validation Accuracy for this epoch is 100

255 epochs have finished
Current training loss is  0.0027008135298274283
Validation loss for this epoch is 0.0003234406494811992
Validation Accuracy for this epoch is 100

256 epochs have finished
Current training loss is  0.0026131797283142078
Validation loss for this epoch is 0.000279223794450445
Validation Accuracy for this epoch is 100
This model is now saved to Path: latent_space_model_best_Gadi.pth

257 epochs have finished
Current training loss is  0.0027692909045526903
Validation loss for this epoch is 0.00031367802193926764
Validation Accuracy for this epoch is 100

258 epochs have finished
Current training loss is  0.0024785234559203673
Validation loss for this epoch is 0.00032194231107496307
Validation Accuracy for this epoch is 100

259 epochs have finished
Current training loss is  0.0029922276671641157
Validation loss for this epoch is 0.00033128699760709424
Validation Accuracy for this epoch is 100

260 epochs have finished
Current training loss is  0.002433790487202714
Validation loss for this epoch is 0.0003336413851684483
Validation Accuracy for this epoch is 100

261 epochs have finished
Current training loss is  0.002851362351748321
Validation loss for this epoch is 0.00031577248228131793
Validation Accuracy for this epoch is 100

262 epochs have finished
Current training loss is  0.002635123612890311
Validation loss for this epoch is 0.00030425405157075147
Validation Accuracy for this epoch is 100

263 epochs have finished
Current training loss is  0.002391505325704202
Validation loss for this epoch is 0.0003806183576671174
Validation Accuracy for this epoch is 100

264 epochs have finished
Current training loss is  0.0026509994747812016
Validation loss for this epoch is 0.00032606452487016213
Validation Accuracy for this epoch is 100

265 epochs have finished
Current training loss is  0.002732799327759494
Validation loss for this epoch is 0.0003422309814595792
Validation Accuracy for this epoch is 100

266 epochs have finished
Current training loss is  0.0026055056293898815
Validation loss for this epoch is 0.0003479003994470986
Validation Accuracy for this epoch is 100

267 epochs have finished
Current training loss is  0.0027531936016202962
Validation loss for this epoch is 0.000391425008274382
Validation Accuracy for this epoch is 100

268 epochs have finished
Current training loss is  0.002460219417571352
Validation loss for this epoch is 0.0002848013825769158
Validation Accuracy for this epoch is 100

269 epochs have finished
Current training loss is  0.002735147239491198
Validation loss for this epoch is 0.0003664697019303276
Validation Accuracy for this epoch is 100

270 epochs have finished
Current training loss is  0.0023895007564078696
Validation loss for this epoch is 0.0003389522744328133
Validation Accuracy for this epoch is 100

271 epochs have finished
Current training loss is  0.0026077210623043356
Validation loss for this epoch is 0.00032380499669670826
Validation Accuracy for this epoch is 100

272 epochs have finished
Current training loss is  0.0026085832337230386
Validation loss for this epoch is 0.00033328352719763643
Validation Accuracy for this epoch is 100

273 epochs have finished
Current training loss is  0.002543262267636237
Validation loss for this epoch is 0.00025865499378596724
Validation Accuracy for this epoch is 100
This model is now saved to Path: latent_space_model_best_Gadi.pth

274 epochs have finished
Current training loss is  0.0025968080724396714
Validation loss for this epoch is 0.0003599978886086319
Validation Accuracy for this epoch is 100

275 epochs have finished
Current training loss is  0.0024753791435614403
Validation loss for this epoch is 0.00027577357309382933
Validation Accuracy for this epoch is 100

276 epochs have finished
Current training loss is  0.0024611644910237374
Validation loss for this epoch is 0.0003662797689685249
Validation Accuracy for this epoch is 100

277 epochs have finished
Current training loss is  0.00253843326322567
Validation loss for this epoch is 0.0003626453612923797
Validation Accuracy for this epoch is 100

278 epochs have finished
Current training loss is  0.002573929106574724
Validation loss for this epoch is 0.00031944093825586606
Validation Accuracy for this epoch is 100

279 epochs have finished
Current training loss is  0.0024217719490025047
Validation loss for this epoch is 0.0002715692851325002
Validation Accuracy for this epoch is 100

280 epochs have finished
Current training loss is  0.0025345535530050256
Validation loss for this epoch is 0.00036130563012193306
Validation Accuracy for this epoch is 100

281 epochs have finished
Current training loss is  0.0026102288279616914
Validation loss for this epoch is 0.00029632514838340285
Validation Accuracy for this epoch is 100

282 epochs have finished
Current training loss is  0.0023849349418014754
Validation loss for this epoch is 0.0003055352262890665
Validation Accuracy for this epoch is 100

283 epochs have finished
Current training loss is  0.0027121743946736387
Validation loss for this epoch is 0.00026578301685731276
Validation Accuracy for this epoch is 100

284 epochs have finished
Current training loss is  0.002340517119364449
Validation loss for this epoch is 0.0003155655044793093
Validation Accuracy for this epoch is 100

285 epochs have finished
Current training loss is  0.002370397947743186
Validation loss for this epoch is 0.0002820345646341593
Validation Accuracy for this epoch is 100

286 epochs have finished
Current training loss is  0.0024695897034234804
Validation loss for this epoch is 0.00029129434551578015
Validation Accuracy for this epoch is 100

287 epochs have finished
Current training loss is  0.0023356016754405573
Validation loss for this epoch is 0.00041770331972657004
Validation Accuracy for this epoch is 100

288 epochs have finished
Current training loss is  0.0027087191942882782
Validation loss for this epoch is 0.00029721570285801135
Validation Accuracy for this epoch is 100

289 epochs have finished
Current training loss is  0.002468991248633756
Validation loss for this epoch is 0.0002889934150971385
Validation Accuracy for this epoch is 100

290 epochs have finished
Current training loss is  0.0024477957440467435
Validation loss for this epoch is 0.0003676745436678175
Validation Accuracy for this epoch is 100

291 epochs have finished
Current training loss is  0.0023080317023413954
Validation loss for this epoch is 0.00029707553858315805
Validation Accuracy for this epoch is 100

292 epochs have finished
Current training loss is  0.0024359346946312144
Validation loss for this epoch is 0.00028460051794354513
Validation Accuracy for this epoch is 100

293 epochs have finished
Current training loss is  0.0023302778424749704
Validation loss for this epoch is 0.00031300483578888816
Validation Accuracy for this epoch is 100

294 epochs have finished
Current training loss is  0.0023610717232713796
Validation loss for this epoch is 0.0002907536691054702
Validation Accuracy for this epoch is 100

295 epochs have finished
Current training loss is  0.0025682751156637096
Validation loss for this epoch is 0.0003022511800736538
Validation Accuracy for this epoch is 100

296 epochs have finished
Current training loss is  0.0023241141273047106
Validation loss for this epoch is 0.00030991239987088193
Validation Accuracy for this epoch is 100

297 epochs have finished
Current training loss is  0.002334666599836055
Validation loss for this epoch is 0.0002706399266116932
Validation Accuracy for this epoch is 100

298 epochs have finished
Current training loss is  0.002437259516455015
Validation loss for this epoch is 0.00026005319796240656
Validation Accuracy for this epoch is 100

299 epochs have finished
Current training loss is  0.002272876297183757
Validation loss for this epoch is 0.00027631175998976687
Validation Accuracy for this epoch is 100

300 epochs have finished
Current training loss is  0.0022920011722362688
Validation loss for this epoch is 0.0003090360787609825
Validation Accuracy for this epoch is 100

Finished Training
Best model has a validation loss of  0.00025865499378596724
Best model is in epoch  273
Training Data saved! The path is LatentSpace_Prediction_trainingData_Gadi.txt
