Current device is  cuda
Encoder and Decoder loaded!
1 epochs have finished
Current training loss is  8.079391180886887
Validation loss for this epoch is 0.12813810037914664
This model is now saved to Path: lstm_best.pth

2 epochs have finished
Current training loss is  0.7845828721765429
Validation loss for this epoch is 0.08823371937614866
This model is now saved to Path: lstm_best.pth

3 epochs have finished
Current training loss is  0.6278371476219036
Validation loss for this epoch is 0.07825224692351185
This model is now saved to Path: lstm_best.pth

4 epochs have finished
Current training loss is  0.583272023126483
Validation loss for this epoch is 0.07660253669018857
This model is now saved to Path: lstm_best.pth

5 epochs have finished
Current training loss is  0.5552630292368121
Validation loss for this epoch is 0.07325650349957868
This model is now saved to Path: lstm_best.pth

6 epochs have finished
Current training loss is  0.5453692375158425
Validation loss for this epoch is 0.0701795393251814
This model is now saved to Path: lstm_best.pth

7 epochs have finished
Current training loss is  0.5348969198239502
Validation loss for this epoch is 0.07004523577052169
This model is now saved to Path: lstm_best.pth

8 epochs have finished
Current training loss is  0.5268573141947854
Validation loss for this epoch is 0.07061824217089452

9 epochs have finished
Current training loss is  0.5227631327579729
Validation loss for this epoch is 0.06993857392808422
This model is now saved to Path: lstm_best.pth

10 epochs have finished
Current training loss is  0.5213336239830824
Validation loss for this epoch is 0.06917738681659102
This model is now saved to Path: lstm_best.pth

11 epochs have finished
Current training loss is  0.519821801019134
Validation loss for this epoch is 0.0677170188864693
This model is now saved to Path: lstm_best.pth

12 epochs have finished
Current training loss is  0.5130999528628308
Validation loss for this epoch is 0.06843672812101431

13 epochs have finished
Current training loss is  0.5117797280690866
Validation loss for this epoch is 0.07027161080623046

14 epochs have finished
Current training loss is  0.5144384943123441
Validation loss for this epoch is 0.07059033549739979

15 epochs have finished
Current training loss is  0.5112406994740013
Validation loss for this epoch is 0.06687776980106719
This model is now saved to Path: lstm_best.pth

16 epochs have finished
Current training loss is  0.5068076535826549
Validation loss for this epoch is 0.06796702355495654

17 epochs have finished
Current training loss is  0.5017550574266352
Validation loss for this epoch is 0.06507031206274405
This model is now saved to Path: lstm_best.pth

18 epochs have finished
Current training loss is  0.5007941259682411
Validation loss for this epoch is 0.0660603886062745

19 epochs have finished
Current training loss is  0.49308684247080237
Validation loss for this epoch is 0.0652771312452387

20 epochs have finished
Current training loss is  0.4719601653632708
Validation loss for this epoch is 0.06157912715571001
This model is now saved to Path: lstm_best.pth

21 epochs have finished
Current training loss is  0.4340081659029238
Validation loss for this epoch is 0.0535239749297034
This model is now saved to Path: lstm_best.pth

22 epochs have finished
Current training loss is  0.4043973431835184
Validation loss for this epoch is 0.04951678236830048
This model is now saved to Path: lstm_best.pth

23 epochs have finished
Current training loss is  0.38164738938212395
Validation loss for this epoch is 0.04819089500233531
This model is now saved to Path: lstm_best.pth

24 epochs have finished
Current training loss is  0.3695764065923868
Validation loss for this epoch is 0.04568502647452988
This model is now saved to Path: lstm_best.pth

25 epochs have finished
Current training loss is  0.3627392353664618
Validation loss for this epoch is 0.05111924069933593

26 epochs have finished
Current training loss is  0.35143079464614857
Validation loss for this epoch is 0.04413917631609365
This model is now saved to Path: lstm_best.pth

27 epochs have finished
Current training loss is  0.34065319928049576
Validation loss for this epoch is 0.042600163593306206
This model is now saved to Path: lstm_best.pth

28 epochs have finished
Current training loss is  0.3251701608096482
Validation loss for this epoch is 0.041027069673873484
This model is now saved to Path: lstm_best.pth

29 epochs have finished
Current training loss is  0.31421340578526724
Validation loss for this epoch is 0.038761296003940515
This model is now saved to Path: lstm_best.pth

30 epochs have finished
Current training loss is  0.3061557793262182
Validation loss for this epoch is 0.03883471494191326

31 epochs have finished
Current training loss is  0.2991231326304842
Validation loss for this epoch is 0.038712588051566854
This model is now saved to Path: lstm_best.pth

32 epochs have finished
Current training loss is  0.2986410012090346
Validation loss for this epoch is 0.036723728611832485
This model is now saved to Path: lstm_best.pth

33 epochs have finished
Current training loss is  0.2893919577036286
Validation loss for this epoch is 0.036895349810947664

34 epochs have finished
Current training loss is  0.2848041837423807
Validation loss for this epoch is 0.03759833562071435

35 epochs have finished
Current training loss is  0.28093464889388997
Validation loss for this epoch is 0.03518278790579643
This model is now saved to Path: lstm_best.pth

36 epochs have finished
Current training loss is  0.27377148732193746
Validation loss for this epoch is 0.034796744090272114
This model is now saved to Path: lstm_best.pth

37 epochs have finished
Current training loss is  0.27019802331051324
Validation loss for this epoch is 0.03566424432210624

38 epochs have finished
Current training loss is  0.26709332890459336
Validation loss for this epoch is 0.0340488224173896
This model is now saved to Path: lstm_best.pth

39 epochs have finished
Current training loss is  0.25945504079572856
Validation loss for this epoch is 0.033248627674765885
This model is now saved to Path: lstm_best.pth

40 epochs have finished
Current training loss is  0.254365972999949
Validation loss for this epoch is 0.031473997587454505
This model is now saved to Path: lstm_best.pth

41 epochs have finished
Current training loss is  0.25067193908034824
Validation loss for this epoch is 0.03117387116071768
This model is now saved to Path: lstm_best.pth

42 epochs have finished
Current training loss is  0.2464491813298082
Validation loss for this epoch is 0.032297626850777306

43 epochs have finished
Current training loss is  0.24591501089162193
Validation loss for this epoch is 0.03125032750540413

44 epochs have finished
Current training loss is  0.2431800984486472
Validation loss for this epoch is 0.031053097976837307
This model is now saved to Path: lstm_best.pth

45 epochs have finished
Current training loss is  0.24219740748230834
Validation loss for this epoch is 0.030813881967333145
This model is now saved to Path: lstm_best.pth

46 epochs have finished
Current training loss is  0.24035692322649993
Validation loss for this epoch is 0.029911078396253288
This model is now saved to Path: lstm_best.pth

47 epochs have finished
Current training loss is  0.23910458308819216
Validation loss for this epoch is 0.029335575221921317
This model is now saved to Path: lstm_best.pth

48 epochs have finished
Current training loss is  0.23790827057382558
Validation loss for this epoch is 0.030095720634562895

49 epochs have finished
Current training loss is  0.23539371373772155
Validation loss for this epoch is 0.030290889393654652

50 epochs have finished
Current training loss is  0.23428533016704023
Validation loss for this epoch is 0.029641969347721897

51 epochs have finished
Current training loss is  0.23441915394505486
Validation loss for this epoch is 0.028908676409628242
This model is now saved to Path: lstm_best.pth

52 epochs have finished
Current training loss is  0.23196915483276825
Validation loss for this epoch is 0.0297830821655225

53 epochs have finished
Current training loss is  0.2320694767840905
Validation loss for this epoch is 0.03038128203479573

54 epochs have finished
Current training loss is  0.2313892400561599
Validation loss for this epoch is 0.028936789982253686

55 epochs have finished
Current training loss is  0.2290509161830414
Validation loss for this epoch is 0.029692092022742145

56 epochs have finished
Current training loss is  0.22889882502204273
Validation loss for this epoch is 0.029172868002206087

57 epochs have finished
Current training loss is  0.22785700591339264
Validation loss for this epoch is 0.028660623444011435
This model is now saved to Path: lstm_best.pth

58 epochs have finished
Current training loss is  0.22704068037273828
Validation loss for this epoch is 0.028587924301973544
This model is now saved to Path: lstm_best.pth

59 epochs have finished
Current training loss is  0.22546322537527885
Validation loss for this epoch is 0.028371476495522074
This model is now saved to Path: lstm_best.pth

60 epochs have finished
Current training loss is  0.22443344432394952
Validation loss for this epoch is 0.027982819214230403
This model is now saved to Path: lstm_best.pth

61 epochs have finished
Current training loss is  0.22285086798365228
Validation loss for this epoch is 0.028749706674716435

62 epochs have finished
Current training loss is  0.22258383728330955
Validation loss for this epoch is 0.02772248895780649
This model is now saved to Path: lstm_best.pth

63 epochs have finished
Current training loss is  0.22101089295756537
Validation loss for this epoch is 0.028799993990105577

64 epochs have finished
Current training loss is  0.22021807980490848
Validation loss for this epoch is 0.02871645383129362

65 epochs have finished
Current training loss is  0.22000188223319128
Validation loss for this epoch is 0.028044380436767824

66 epochs have finished
Current training loss is  0.21895680134184659
Validation loss for this epoch is 0.028233101809746586

67 epochs have finished
Current training loss is  0.21824310538067948
Validation loss for this epoch is 0.02746803117042873
This model is now saved to Path: lstm_best.pth

68 epochs have finished
Current training loss is  0.21732522094680462
Validation loss for this epoch is 0.026849747955566272
This model is now saved to Path: lstm_best.pth

69 epochs have finished
Current training loss is  0.21570272219832987
Validation loss for this epoch is 0.02814060394302942

70 epochs have finished
Current training loss is  0.21494846686255187
Validation loss for this epoch is 0.02723037189571187

71 epochs have finished
Current training loss is  0.21402526253950782
Validation loss for this epoch is 0.027308411736157723

72 epochs have finished
Current training loss is  0.21355540928198025
Validation loss for this epoch is 0.028153264793218113

73 epochs have finished
Current training loss is  0.21290315173973795
Validation loss for this epoch is 0.02674546986236237
This model is now saved to Path: lstm_best.pth

74 epochs have finished
Current training loss is  0.2109164878638694
Validation loss for this epoch is 0.027342497734935023

75 epochs have finished
Current training loss is  0.21133609181561042
Validation loss for this epoch is 0.026976580484188162

76 epochs have finished
Current training loss is  0.21054246784478892
Validation loss for this epoch is 0.02640441953553818
This model is now saved to Path: lstm_best.pth

77 epochs have finished
Current training loss is  0.20963076429325156
Validation loss for this epoch is 0.026610883738612756

78 epochs have finished
Current training loss is  0.20916499990562443
Validation loss for this epoch is 0.02628224526415579
This model is now saved to Path: lstm_best.pth

79 epochs have finished
Current training loss is  0.2078155839262763
Validation loss for this epoch is 0.026074062916450202
This model is now saved to Path: lstm_best.pth

80 epochs have finished
Current training loss is  0.20681732620869298
Validation loss for this epoch is 0.026085054530994967

81 epochs have finished
Current training loss is  0.20815005619078875
Validation loss for this epoch is 0.02671306509000715

82 epochs have finished
Current training loss is  0.2055689029803034
Validation loss for this epoch is 0.026181976456427947

83 epochs have finished
Current training loss is  0.20499913845560513
Validation loss for this epoch is 0.027193107816856354

84 epochs have finished
Current training loss is  0.20498526915616821
Validation loss for this epoch is 0.02564875660755206
This model is now saved to Path: lstm_best.pth

85 epochs have finished
Current training loss is  0.2036418175412109
Validation loss for this epoch is 0.02641670270531904

86 epochs have finished
Current training loss is  0.20305322695639916
Validation loss for this epoch is 0.026016660500317812

87 epochs have finished
Current training loss is  0.20334417049889453
Validation loss for this epoch is 0.025564303054125048
This model is now saved to Path: lstm_best.pth

88 epochs have finished
Current training loss is  0.20198998335399665
Validation loss for this epoch is 0.026176994215347804

89 epochs have finished
Current training loss is  0.20046139377518557
Validation loss for this epoch is 0.025387594345374964
This model is now saved to Path: lstm_best.pth

90 epochs have finished
Current training loss is  0.20036527670163196
Validation loss for this epoch is 0.025749838721822016

91 epochs have finished
Current training loss is  0.19940890977159142
Validation loss for this epoch is 0.02553049505513627

92 epochs have finished
Current training loss is  0.19877917609119322
Validation loss for this epoch is 0.02510682964930311
This model is now saved to Path: lstm_best.pth

93 epochs have finished
Current training loss is  0.19842943790717982
Validation loss for this epoch is 0.026761767963762395

94 epochs have finished
Current training loss is  0.1981097077805316
Validation loss for this epoch is 0.025554376508807763

95 epochs have finished
Current training loss is  0.1976354246289702
Validation loss for this epoch is 0.02508711564587429
This model is now saved to Path: lstm_best.pth

96 epochs have finished
Current training loss is  0.19712103936763015
Validation loss for this epoch is 0.025084872599109076
This model is now saved to Path: lstm_best.pth

97 epochs have finished
Current training loss is  0.19635971456591506
Validation loss for this epoch is 0.024630366402561776
This model is now saved to Path: lstm_best.pth

98 epochs have finished
Current training loss is  0.19613778502389323
Validation loss for this epoch is 0.025068644405109808

99 epochs have finished
Current training loss is  0.19526003560167737
Validation loss for this epoch is 0.024484369976562448
This model is now saved to Path: lstm_best.pth

100 epochs have finished
Current training loss is  0.19499851562432013
Validation loss for this epoch is 0.02519386629865039

Finished Training
Best model has a validation loss of  0.024484369976562448
Best model is in epoch  99
Training Data saved! The path is LSTM_trainingData_Gadi.txt
